4 0 161 218 60
4 54 13 107 109
1 116
5 167 264 293 208 77
3 180 134 210
2 216 7
4 212 260 193 9
4 168 164 292 228
4 275 75 72 17
1 34
4 41 294 133 290
1 87
6 85 259 299 92 227 171
2 184 129
2 296 24
1 249
7 88 148 62 58 125 46 153
3 108 16 49
2 99 136
1 110
6 80 127 95 273 105 230
3 103 181 55
3 8 156 44
1 4
2 162 18
1 159
1 246
1 286
4 203 291 115 169
3 276 263 21
1 220
1 137
5 285 261 122 27 194
2 150 19
7 15 113 239 82 119 51 176
4 225 68 158 186
3 144 224 277
3 74 229 175
2 187 222
3 56 198 39
5 38 121 207 250 151
2 213 223
2 63 165
1 57
2 267 91
3 200 281 29
1 245
5 79 174 244 14 26
3 226 157 266
1 232
2 166 177
2 188 202
3 96 143 257
2 53 146
1 282
3 32 214 61
2 102 172
1 28
3 284 209 237
3 128 135 52
6 40 64 101 5 242 31
2 241 47
3 204 1 183
6 217 3 231 240 278 274
2 185 270
10 271 50 170 59 43 256 251 94 84 132
1 254
2 295 178
4 11 117 289 192
2 111 126
4 258 100 279 173
3 243 67 30
4 89 163 90 124
1 268
9 236 248 155 142 297 69 189 149 2
1 86
5 253 140 35 120 211
1 298
4 191 112 106 78
7 197 70 104 71 252 288 272
2 160 283
7 23 235 141 280 206 233 123
2 73 93
1 22
5 195 201 12 66 262
2 114 20
3 48 247 130
1 269
1 42
1 147
5 190 205 45 152 154
2 6 182
2 76 139
2 10 118
1 131
2 25 37
4 83 98 196 238
5 287 199 145 215 97
4 138 219 265 255
1 81
