19 84 7628 7847 7663 704 6896 4636 365 1924 5133 5411 2344 2956 4715 1965 3004 1405 4822 820
14 88 8615 3205 1985 1595 7532 1568 2248 6684 4667 1720 539 2430 406
8 187 7020 1593 2736 12 8369 5547 1558
23 303 5487 3024 7638 9209 374 5702 7569 2370 7829 4125 958 3152 4694 3198 2510 1157 4574 4474 4134 1195 7408 710
5 311 168 7492 3477 2053
36 423 7602 9254 3220 1474 4123 2128 7642 6279 4353 6882 3673 4539 5306 283 2039 1989 1906 3419 2127 3164 5936 4146 4183 5776 1665 5162 6841 6941 7192 3111 1456 6241 6559 5682 9637
11 474 5359 6924 8588 2261 6316 8306 107 8405 9387 4622
32 549 19 6849 5060 6265 4629 330 3759 3062 4724 4552 7515 6677 501 5582 2325 1057 3805 1385 2428 988 4142 5056 4943 3322 5337 6671 3140 6334 7165 2864 3289
19 563 46 8981 1790 1292 3963 4718 2244 5981 2721 2943 6483 4395 4039 3927 3034 5066 1675 5578
8 568 5554 6021 572 9429 3418 5441 391
28 606 9450 6119 896 7043 3624 1198 7381 3127 2729 467 4359 1650 5288 4655 1754 2638 4774 1356 1133 6958 3853 7669 6819 8907 9115 9332 9439
19 672 9401 9586 2856 5351 8768 3760 60 6148 6782 5964 7219 7496 7625 7833 8130 6170 7766 9940
24 677 9579 141 1862 4828 6333 987 2713 3428 5092 456 1502 5506 1092 3401 5206 891 4534 6666 2219 5150 1931 8717 3724
18 700 6786 730 5562 151 4259 5220 4461 1706 1894 3125 2759 5015 2070 1074 7095 1573 4374
20 713 7287 9316 7648 7867 7255 4666 611 6652 8761 5951 6297 1188 866 1027 259 7863 8503 8934 5108
16 719 35 2551 3778 1441 6081 5564 4784 7339 5630 4456 6064 4204 3999 3487 2939
16 768 8965 34 1974 2816 706 5938 6154 6282 4005 762 1147 7776 8165 8683 9404
27 769 4848 5120 4807 3108 4065 175 7169 3584 7361 7474 4340 1921 4219 3016 1740 2162 564 4192 562 5130 5311 7509 7744 3347 5225 9430
36 1066 7406 1640 2639 7494 2653 6537 2404 5847 1364 4498 6757 7167 7334 1897 4378 5042 6415 5122 1604 1164 1401 4492 1571 5354 5831 5048 2604 7039 7225 4049 7845 8138 2964 6721 2208
25 1097 8259 1700 8263 4969 5076 5386 614 1953 5166 3939 4745 574 2932 5392 2795 1445 6195 6852 5499 6273 7001 8327 8594 6467
29 1105 109 2605 4703 6742 9871 6825 252 7278 3930 1791 4651 4562 6447 964 5274 4152 2093 3000 1162 5946 1506 4516 1408 5760 5652 778 6127 3569
21 1138 7716 3 682 2454 1498 3764 3363 407 6028 2080 4995 5252 6948 4785 5616 6664 7733 4350 9676 9916
15 1178 69 8937 1023 167 6174 3268 5834 1231 4570 4315 4729 7953 3478 3458
16 1209 5991 5 2489 4671 2096 2446 6668 3250 3950 7079 3923 5474 1722 9059 4929
28 1273 9046 739 9191 7323 5779 2799 6270 5400 6237 777 4892 5301 4669 453 6116 487 3361 4166 2058 1915 4447 1234 7183 5312 2408 4158 5944
20 1305 5213 4223 2230 4794 4863 1873 4953 6305 2802 7010 7555 1067 111 7519 4140 2922 4156 7252 8054
21 1315 8629 5517 1142 697 3614 149 4097 5490 571 573 6099 4860 3274 7261 7300 7518 1939 8321 8859 9600
31 1335 6745 172 5036 8973 990 5298 2415 3896 1861 242 3359 450 2903 1298 4501 2701 5319 4577 6286 5454 5676 5410 6440 2161 7056 3042 5055 8066 6405 2659
28 1515 3005 1784 8566 1869 9678 7191 353 1282 5064 890 3776 2501 2777 884 4817 1916 3956 5321 1881 6653 2593 770 5591 6533 8684 7410 3032
30 1543 7190 7438 3732 9165 8493 9731 7988 1193 6808 894 543 3377 1322 4663 6020 2003 4001 4684 2820 1616 4598 1478 1184 1585 6959 6944 8409 9123 8957
29 1560 2296 3426 956 2000 2600 1239 5382 1189 8245 194 3474 3699 1387 4323 1171 4252 5196 5570 1126 1039 5673 4363 5198 2592 7269 6676 1304 8789
25 1757 7792 4815 8382 2717 138 412 7727 2063 473 5810 676 3917 2336 4187 5863 4015 725 3633 1279 6631 6918 6936 807 616
11 1867 9649 726 9691 3188 6313 5366 821 7679 492 263
22 1992 4184 9743 5627 4652 3482 3735 2547 1071 7383 291 5781 3876 4610 6817 1301 4446 8666 8738 9243 9308 9714
30 2015 128 8042 8228 6374 8909 865 1639 6181 238 1882 1035 1444 5793 2555 4960 2469 2427 6229 1144 1495 2985 7029 5731 7427 7530 4522 8540 8948 7795
13 2135 7329 2006 873 130 6622 2633 2099 307 8013 6650 9317 4592
12 2247 7198 817 6658 6377 63 6145 6259 1517 2764 7158 5254
18 2356 5727 8940 708 4063 1523 5452 2568 5959 6905 5519 4073 2749 1956 390 9399 9960 2813
13 2384 17 1434 3357 5145 5924 6372 4616 6637 6291 5147 472 9753
7 2432 3608 77 3919 3234 558 2265
31 2465 5808 1689 4875 2787 4806 9576 2706 369 1912 959 2622 1876 4843 2364 1727 3331 4438 954 5505 4182 1076 5121 6590 4484 5011 6348 4752 2814 1001 9898
25 2519 1492 8158 7846 7884 1281 2515 2086 7680 589 3416 5529 6102 4632 6326 5080 752 1107 712 3698 3529 4424 8053 6518 1055
36 2571 8792 2143 5425 2690 1777 3594 633 5576 5764 4989 3895 3454 2546 293 5061 5168 1836 3545 5645 5255 681 4837 919 2929 4983 308 3113 6294 7955 8137 8275 5476 9178 9227 8171
18 2695 5654 4935 1233 6430 225 4070 160 3479 4812 3254 6781 5269 4886 1951 8606 8057 4292
28 2720 3196 9064 8368 9617 7203 3513 1937 808 2241 4690 6696 515 370 3320 1744 4361 642 6500 4508 4054 5845 6846 7295 5413 6595 8528 4268
13 2735 2928 481 655 2916 4940 8795 5371 165 6183 1118 1082 9791
33 2883 7711 8736 8323 1489 1313 9382 3325 2180 1509 979 4907 6674 2557 2051 6165 414 5778 4521 3878 4514 2761 3100 6524 4180 2103 317 7026 7781 7989 4277 9608 6185
31 2917 7318 7856 6657 8324 5782 3843 3031 2281 5794 1042 3235 4620 5925 6262 703 5963 3662 3670 4169 4991 1063 6388 6097 6731 3727 5239 6470 1758 7133 9759
10 2920 8876 7477 1785 229 667 7405 3400 8147 4120
32 2949 2313 8713 2198 3073 8868 9620 5069 1311 6589 2388 1392 4086 3894 5180 5167 2413 1780 2155 3526 1712 2953 4108 2574 1935 3886 3080 7667 3500 8861 7472 8874
11 3055 8227 14 3175 3644 6976 3520 7660 2839 8972 2818
17 3090 7114 8104 2074 290 5156 8112 2011 7344 833 4087 6437 5804 4893 4138 298 3313
17 3156 8653 1647 5628 9068 4709 286 3754 7453 258 899 6207 1052 2456 6585 8777 3380
21 3167 6150 499 126 996 1654 745 3888 5905 2342 1347 869 6626 1064 5395 7593 3559 8398 8735 9061 8535
9 3253 7553 6409 3375 6186 3616 9952 6544 234
33 3307 8548 5369 6584 4099 2314 698 395 6085 2923 1395 3962 4912 5000 1351 3091 2334 2517 2868 5761 2872 885 4600 4288 6501 4261 491 7400 7416 3712 8372 7527 9938
17 3442 6656 3276 7104 6159 4836 208 3468 7386 2979 7730 5193 1166 1800 740 3399 3560
21 3549 4575 7372 7934 4137 494 952 1738 2108 5995 929 3163 1624 4136 3973 3824 371 4490 6364 8862 4319
13 3580 6724 8449 9511 6886 9130 454 1257 1748 991 812 641 722
30 3607 9166 6000 2323 3789 7692 6026 6989 5405 2407 4594 4981 3443 1753 4135 1932 6318 521 2483 3852 2372 6490 6477 1536 5065 4305 7771 2286 9448 2163
18 3629 8554 9297 5352 2751 184 5078 4581 3728 3600 4551 4563 6614 443 7436 7753 1210 9909
22 3696 81 2477 1612 6857 3182 4985 449 6204 3682 1237 5355 5152 1742 4422 6489 791 7343 5443 3185 7731 7441
25 3817 9768 9926 9654 2937 7034 5913 1160 2115 6094 202 6157 495 727 1732 1360 3273 2165 3128 7257 4649 7723 5876 8522 3402
25 3869 7088 7028 6475 2442 9100 5263 8785 6272 8671 3746 6188 9272 1979 3946 5725 5039 3977 1832 4454 5877 2378 5203 2951 757
30 4008 8059 2754 1250 553 2648 1656 4550 6866 2443 2068 6442 4262 5607 1890 5109 3911 6037 4999 2562 6046 844 2196 2259 6088 7976 8333 8633 6350 8350
35 4059 8536 6645 657 1256 7425 2377 2156 5684 2393 2804 4096 5379 3595 2854 6043 738 2685 1449 3001 2572 3023 5618 995 861 6287 6468 5580 2946 6390 7052 4841 7844 3620 2441
30 4071 4511 1421 874 4630 3991 4920 8806 2924 3798 4014 639 6908 5389 5862 905 1853 1238 2750 3248 4676 5932 6606 4231 2502 2157 5798 8455 9004 9796
23 4078 394 4717 90 723 503 3823 5261 4954 5378 1085 5609 5927 6551 6623 1952 6317 7431 7624 7969 8311 6016 3880
7 4090 9252 125 2285 2088 4868 431
7 4094 4537 7347 112 2861 3567 5071
35 4309 4959 4207 4016 3398 1684 7759 2291 3434 1220 7564 4211 2607 6642 1075 5117 1796 6459 1183 2918 3953 5115 5765 6214 2369 5871 5459 4691 6845 4823 6991 1084 8080 1009 1929
14 4377 9045 5888 2059 5433 4862 2919 2667 6416 2796 5998 5901 1626 325
31 4379 8978 9487 3921 2982 2696 4344 5853 7134 3465 1598 6821 1435 2431 1463 4322 4739 4360 2303 4708 5286 5038 2902 1419 7105 2253 7568 4127 7011 4241 2508
9 4435 3918 7665 1475 4773 3225 89 421 8618
19 4494 7870 2999 7882 767 379 1412 6587 7176 1532 7712 3282 3748 4547 1340 6025 6308 2177 557
22 4525 3540 1625 4661 6450 1977 6764 4024 2160 7777 6946 2412 220 410 3028 901 7412 7577 2609 8001 8891 9739
11 4601 8784 1508 1667 4854 1817 18 3858 8490 8122 4338
12 4679 1 3949 425 4819 310 145 5617 4383 3652 4040 1547
5 4742 7152 2927 5982 1452
13 4758 7325 49 6860 7024 2598 6051 7057 3229 2227 9024 9484 5543
26 4839 7434 3370 9564 2045 7715 4800 5040 1328 5537 4092 3052 3010 4850 3955 5483 5789 2514 3272 429 7059 1454 3690 1003 9568 9700
33 4948 1040 8783 6457 6669 9255 3129 3717 9466 9858 7315 9948 5100 7503 2025 2841 4128 5442 5172 1976 1053 3081 3096 6230 3252 341 1633 2411 1909 4018 8888 8331 3664
36 5018 1838 2106 825 9030 1240 1913 2831 7096 4798 4699 7697 2397 6915 7493 7483 4515 2139 4290 1316 363 605 1673 3831 5912 4926 4431 2878 4172 679 3679 7772 8770 9241 9642 2658
24 5192 3430 8803 2338 2167 1634 3701 2033 2771 7342 397 3305 6925 3997 4772 261 4903 2991 3374 829 2487 413 6354 1190
19 5235 7891 212 1267 951 4020 6425 8155 1294 6336 2866 269 5515 3343 5623 2032 2463 998 8210
29 5299 6199 9947 6503 3414 4615 6261 1443 4858 4433 1248 6885 5210 1130 2186 5367 5498 2257 4222 4849 5492 2001 3206 2529 5127 3957 3676 1751 980
28 5300 7140 9320 7337 7256 1644 5514 2229 4358 3536 5005 2213 5308 4919 2274 2047 2029 5010 2131 4229 1617 6933 5846 6461 7681 7917 5790 4348
19 5324 4200 7901 8951 2543 1752 4653 2057 2863 3470 5734 1999 2269 351 1295 4905 3749 6113 4865
30 5335 7357 7248 4109 7912 5050 2290 2065 1907 2024 5032 3856 3395 3511 2615 548 2317 6092 5272 6236 5447 2594 7181 6045 7469 5436 8222 8008 8971 7093
38 5440 2942 2899 6327 267 1102 832 2406 2343 4327 6344 5915 7812 1960 6211 6839 6963 7502 6231 2268 3438 3495 3391 3376 3353 5007 5696 3897 2575 3309 6275 3922 6032 2914 7391 1958 8724 6063
18 5445 4112 9761 4371 4400 9928 1338 7122 312 5822 5813 1969 4901 5825 6881 7146 6060 2225
33 5497 9806 5757 6293 292 7457 3648 7048 1466 3862 7592 5208 6406 1073 3907 859 3455 2911 2389 5336 2091 2803 2302 4928 3002 7185 5202 5977 4295 4695 8499 8898 9829
31 5693 9852 493 502 5205 7785 5043 8695 8300 8243 6243 3157 3174 2137 4591 1918 470 2462 1990 1268 3071 440 755 2683 7345 7112 8152 8467 8654 9312 5586
28 5717 1651 892 3381 53 5796 4740 4678 3151 4527 6095 3803 4859 6449 6651 5749 4697 7241 7163 7423 7639 7828 7981 8168 8320 8622 8337 9304
33 5769 7889 6410 1655 4246 7172 6398 6357 1553 1453 546 7275 586 1967 1519 5052 6298 870 1696 3639 5215 2800 4783 5236 702 4813 7154 3848 7611 6242 8396 8716 2848
11 5868 7293 6836 6069 7580 7444 96 1925 1036 2889 1284
8 5934 8967 0 1983 7836 3755 1705 5125
29 5970 7993 902 2915 245 1206 76 678 4770 801 6396 3437 5522 4631 3431 4612 4946 3726 6075 834 5812 3971 4364 2152 2819 8006 6789 9391 8710
16 6002 3104 2422 7246 2482 9763 162 5199 1390 480 7012 7053 1570 5637 1261 9606
25 6031 119 5783 8421 4986 458 2548 6930 4832 1317 806 3961 5106 2832 827 5820 6124 2136 1219 746 5889 7307 6943 2238 2509
13 6252 64 7445 4532 7081 5219 5105 5289 5247 6678 733 1094 773
34 6263 9864 146 4880 4300 9975 9655 5001 5481 5907 7770 3277 889 1649 4190 5512 1749 1782 5186 717 2069 3934 3015 6335 4337 6015 4269 3576 5735 7409 5988 8613 4799 8163
9 6277 8376 6245 782 5917 5187 4749 4027 3224
15 6381 3358 27 3187 522 6285 4041 2961 6981 7959 8201 7789 5174 9525 9971
28 6403 41 9394 1259 1896 6921 7305 6363 5532 1783 4188 5561 687 1856 3725 5153 6117 1225 6395 4504 4226 7050 4197 7718 8305 8778 8966 6748
34 6412 3333 3758 945 6208 419 3026 3802 6182 9138 516 4767 2021 1946 5658 2400 3808 1964 2700 5217 2282 1174 4342 5574 4931 3837 5560 4811 6954 5942 7385 2540 7459 2755
26 6466 8459 6747 2520 8504 3439 2107 5033 7488 6865 3757 1756 3689 331 1807 3653 5775 5328 5867 3310 7332 1892 8468 9005 6342 4891
34 6541 6735 513 5890 4421 6473 3585 5511 9341 8575 8236 6222 196 7749 3877 1525 4217 3813 1457 2688 5084 3132 1520 6289 5461 2970 6065 1120 7426 4479 8519 8838 4846 8217
31 6670 4781 9944 846 5719 9345 4318 3775 3364 4213 5910 3986 1051 857 4121 686 1382 787 2027 3318 5638 2249 5555 4896 7242 1652 3284 8232 8572 7783 9831
33 6689 8262 4255 3601 7631 5017 2216 3605 8133 2470 853 2187 8996 319 7142 693 1125 2545 4674 4579 2778 3497 1404 6472 6553 2098 4242 6998 7235 8124 8123 9374 9677
20 6706 6004 4164 1986 5732 1628 9483 143 4284 1129 6867 7121 5604 4445 7566 7996 5458 8877 4145 9993
30 6783 9179 775 9265 3901 4638 6179 7366 6769 256 6083 2950 3387 2419 3382 5594 593 5028 3488 2550 6496 7283 7348 5159 7559 5855 7977 8132 7002 9488
29 6807 1773 2536 7086 6711 5955 2077 8665 4966 8938 1872 680 1590 6619 2837 3686 1291 3061 1707 781 5634 4542 5613 1728 6788 2492 1290 8507 3619
9 6815 5615 8088 9 7751 8048 5819 5646 2117
26 6822 6307 6570 1768 1458 3499 5323 6134 1819 4365 4443 2960 1901 1056 2038 3087 4956 4132 3486 3260 3571 4273 3093 9126 9350 5504
17 6831 8116 3785 3981 1264 1688 3593 786 3935 3920 4932 1919 2331 5633 3303 6276 4793
17 6901 6529 8309 3554 8128 5135 5088 2110 4270 4301 246 4257 5896 7424 4951 9201 9635
11 7013 10 1567 5589 393 3834 1877 2251 447 8218 1247
36 7070 8489 8410 3566 1046 1215 2585 6639 6698 6172 3099 4834 7498 1875 5864 5373 1383 4660 2358 4963 4902 5419 1623 5906 2542 1099 2488 2629 6108 6302 3003 3819 2833 3688 2773 4725
24 7109 164 8188 1631 3155 2893 1012 2452 3053 2793 451 1917 5916 5275 4412 1940 4509 5399 7184 7359 7281 8526 2983 4124
25 7399 1803 74 4634 7822 5041 3436 5472 877 5479 1423 1950 4933 5200 6225 1788 5750 6411 3287 4759 7215 8089 8196 2271 9531
17 7429 2896 5712 1627 826 9249 123 5644 5683 1658 6844 7310 6979 2300 1865 4133 8837
15 7463 9925 80 625 5755 1354 1149 488 1287 7540 5647 8070 6931 9770 8131
15 7475 4233 1908 4228 849 3936 79 6311 690 3390 1972 8625 8751 8480 8022
26 7499 2784 8786 3017 511 2570 9527 8298 1511 6283 6460 7274 1448 4608 262 5019 1672 4082 373 5142 1112 5096 2193 1602 3723 9878
36 7561 1883 9744 640 3915 2207 1232 5437 1109 6098 4347 2179 7817 5670 2151 510 1145 1719 3916 2466 4254 4304 3177 3695 4275 5079 6194 6542 6074 2094 2307 7202 6365 3987 8119 1006
25 7657 1724 9631 656 5539 6969 7534 1886 7558 1302 1417 3846 2710 537 997 2351 4681 4234 1821 314 3715 5536 6151 7017 136
23 7861 7512 9640 6818 823 3194 2075 408 402 2479 3186 6292 1286 970 3674 2485 4762 2974 1333 4178 4797 5467 6143
17 7928 8198 7876 313 4613 3729 139 2124 2222 2650 4253 4814 4589 913 2786 7767 1805
23 7956 9087 7779 122 1982 1622 6436 4165 3590 4478 5430 2579 5488 5266 5726 5129 6535 1680 5659 7138 8349 6603 1139
7 7965 8207 615 1491 9135 5091 170
25 8175 2782 3050 8285 5663 1496 461 3622 2906 7045 7659 5559 6059 3635 3039 3065 2955 3796 4173 813 1409 551 5325 2168 4321
14 8292 7186 2123 457 439 4520 171 2752 2081 3217 5826 6175 1380 6018
5 8310 9556 8434 9927 20
12 8329 8711 102 1589 3845 6864 2375 3356 1140 301 5273 7700
25 8477 9286 6220 6718 6749 5815 7211 4034 7811 1716 4802 2402 183 4805 6167 2004 1611 2018 3806 2481 438 790 8365 1887 9650
18 8518 9524 1222 7284 158 2392 2194 5146 5657 1847 4220 7514 7748 8197 6257 9323 9721 9472
31 8640 8157 4686 1465 5601 1349 2817 8809 3621 4117 6178 2534 7654 2390 1516 5098 6129 337 5987 6126 3835 4721 911 1594 2888 2521 6322 2289 7978 4160 7404
15 8670 22 4917 5706 3822 5947 3226 4215 4627 6400 6349 4077 4393 5714 5629
15 8708 9820 7479 4089 3203 3751 490 3714 1629 1824 4560 4336 5339 5979 432
17 8731 7117 6741 718 2212 43 2158 3515 879 1086 5869 6792 5224 4157 4069 2691 3618
18 8773 2 4440 5420 3832 2995 1554 1361 5149 4719 5680 630 650 6594 4354 1581 4683 2664
11 8878 135 2741 5830 1325 2122 2191 186 5969 398 5244
6 8890 28 4334 4952 4325 1653
21 8950 8020 6877 1984 8110 6647 230 1348 5094 2808 5470 5384 5292 2062 4597 1828 4771 5022 5546 3504 766
11 9003 2963 1208 153 2153 1827 1068 2010 2553 2484 4949
28 9084 6155 1121 2305 8766 7710 4481 6927 3636 6251 1211 5809 576 1584 7414 6203 3645 2144 5313 5911 3979 2215 2757 2708 3506 3634 1270 1344
6 9140 8192 132 6499 566 3994
21 9305 8462 1994 6710 4493 1902 2652 9263 5803 7037 2977 1799 6238 265 4611 7349 2608 7821 4909 9567 7173
21 9313 7455 9636 3821 3411 7085 4376 5107 4171 3451 5861 9346 236 5489 1350 4795 6118 7591 7719 8340 1134
16 9325 9251 104 3246 1678 3153 2968 4462 5013 6528 3872 5926 5368 5494 3069 9977
11 9393 7684 101 4416 623 2730 6112 5361 7826 4320 1510
13 9409 6662 3147 40 6907 2958 5155 232 5565 2311 2524 3827 638
20 9514 6493 7314 2147 3368 854 2399 2245 9171 1422 178 7693 4397 2346 148 900 6576 796 9129 2273
18 9563 8557 8037 5838 2525 4584 893 6389 1236 3893 3630 2834 1632 3730 2050 1285 1490 2448
21 9619 4260 3170 5466 9512 1884 2173 2220 3421 4628 4821 3772 5976 5391 2486 324 2830 2767 2998 1439 1019
12 9707 8448 2440 3938 7662 189 508 880 1981 4916 1914 4941
17 9752 8932 7245 5553 191 5974 3703 4161 5044 6373 3417 5455 8166 8451 3408 2627 6479
20 9847 3575 3291 93 1132 1854 478 4816 4576 5671 3020 756 5718 7473 7725 8012 8280 7586 9277 9931
23 9913 150 6729 6402 7253 6762 1745 1480 4775 2439 1037 336 4596 6401 2671 7368 7589 7739 8162 8374 5390 9146 6111
25 9976 7064 3461 3947 2904 5957 4657 5566 7746 8860 6832 5792 4074 5635 779 4264 2768 3212 6325 528 4036 5754 653 5418 4483
25 8703 2079 3384 965 248 5626 6942 2235 9116 8854 6705 6380 3315 1246 182 2734 4808 1473 7358 2926 8352 8515 8611 5848 9747
25 375 9733 9402 2641 6304 8915 6984 380 4607 2810 1831 862 2526 5385 1262 2965 5401 1205 3219 4179 6621 2905 5446 8322 3588
14 6198 7704 7927 1276 8597 4756 7778 4113 6393 3782 5372 6898 2599 1000
9 5860 9267 3779 2881 8190 711 2104 3550 6527
28 9888 4980 4225 3453 4764 3784 4256 2505 5310 6367 1820 3498 7754 3959 7259 4899 3340 3123 4950 609 2097 4513 3440 3890 436 7878 6152 5665
10 519 7108 105 2309 5073 6743 771 1533 4025 978
8 6663 4826 5756 9951 1381 116 917 4818
12 1135 26 2387 5414 1607 6506 2815 1095 7623 3975 8755 9648
8 7913 95 6034 8194 403 4888 5632 4796
15 7957 5971 6879 103 3195 4389 3171 5277 6079 5940 5784 5207 5960 1662 3870
17 3444 2233 6851 2957 9469 1580 9949 867 4588 213 6371 2865 1014 6950 5047 7784 795
16 3654 11 4439 2371 2699 5223 5438 4193 2460 6691 6766 2170 7842 1088 2410 7161
21 2061 8290 328 7276 5170 1943 6268 1934 2504 5694 2284 5763 3980 5739 2739 1196 6215 4751 3280 2133 240
34 4855 7451 6164 533 3541 8521 4782 5650 8995 3215 9737 382 280 3592 6462 7296 3672 5072 3139 1857 5396 1358 1432 2668 1540 2692 5691 6355 2925 6445 5003 3238 4296 9639
21 6115 7864 7346 67 4388 3913 3700 2236 1737 3900 1795 4668 3744 6448 2007 1497 7617 7991 8299 7393 2597
32 8758 166 5620 8772 4914 5674 8530 6244 514 7761 6426 2366 1416 5730 3447 361 1606 4754 2871 5605 1691 3944 6432 1600 1961 7603 7702 4185 8897 9507 7467 3617
30 273 9144 2036 5503 4990 4930 6893 2395 6932 4159 3044 3851 4394 5527 2631 3251 5785 1933 2254 1548 5111 3864 644 6193 4399 3405 7888 1359 9184 4750
16 7040 9412 2495 1804 5507 5285 3105 6842 6438 9497 876 5045 8303 86 8707 3259
12 6916 5332 83 4582 6726 2175 2354 1224 2971 4118 835 1226
23 55 8587 3257 7180 9543 9981 3227 485 7370 2737 7065 214 2500 1124 2380 2028 5365 2891 5752 6040 4604 707 8850
32 1776 1194 200 9872 4645 1436 4792 4491 6041 6106 6067 5878 1681 4688 1371 4982 3484 2785 2728 5128 1413 1080 1694 810 6070 7268 7336 7413 2073 8384 8866 1948
8 1833 3826 9246 8637 4396 2981 147 5903
11 5086 9627 5214 8823 7554 6141 2660 58 3218 8690 9775
32 541 9090 3651 3990 1630 8523 7309 6476 7216 3394 4559 399 4168 4335 5689 3299 5349 3521 4102 2676 2403 5114 3954 6072 4402 4375 4769 2554 2880 6073 8607 9296
13 4637 9832 9202 5690 2044 4045 7150 484 6036 6987 5140 1555 587
23 8962 9347 8426 368 78 2398 4804 2687 5456 4650 1895 1091 5531 6084 3814 6761 1731 7042 8061 6210 9339 9591 9970
35 5885 7612 9128 6752 530 3200 3632 1503 4704 7442 7732 4643 9842 7745 4328 5941 2630 1461 2933 581 1402 4430 968 2295 3383 5828 1437 5669 3492 2993 5209 5737 4540 1677 5398
18 9679 3579 2791 7379 120 1864 1521 4884 7769 2141 4329 176 5294 7517 7303 5318 9206 9281
20 7929 6875 3910 3490 4088 9575 6413 7787 9071 348 1355 6082 1620 7629 1922 99 6725 3762 6514 1562
21 3855 3311 6135 7210 2838 7355 129 2299 735 5132 603 2120 1801 6796 6827 6717 5362 2312 6917 2724 5672
25 3578 57 7135 1117 5700 3561 7262 4942 4851 4992 1253 569 1661 5085 6232 2624 2823 4510 1586 1683 3369 7670 3860 8905 5859
4 9449 98 7110 231
22 24 7243 4973 629 5713 5031 5250 4866 7490 7407 6443 3121 3753 4009 2532 2396 841 5360 3684 1704 3889 6090
32 3371 5218 9705 6567 645 3393 6805 1660 8694 5770 7805 5569 3761 7231 7384 1834 3613 385 4801 3881 2860 3089 4436 860 2067 2361 5460 7214 3126 7997 1318 8178
28 117 5721 442 1995 1252 8614 1460 3993 4786 883 1045 7415 4642 3625 887 2237 250 2496 2569 1028 1849 927 7350 7896 8235 8443 8723 6453
22 4618 9804 3583 7092 2473 1459 462 5123 4939 1203 3292 3967 3339 4044 4810 441 1187 3332 2471 3467 5772 1546
37 372 9595 8447 1111 3966 4558 4409 3970 9645 272 5101 1283 1551 5651 5597 4518 4144 2567 1477 5805 3344 3587 5346 788 6100 6217 4760 6687 3681 6007 7297 1488 7855 8238 8336 7131 9552
37 4307 8425 6804 5636 5090 3602 6550 753 4372 6967 2330 8220 3905 2234 3570 5201 4221 5664 6201 3948 2762 3351 1163 591 5496 2801 2363 3037 4633 3441 4728 3741 2847 3264 6492 9069 9766
9 7401 5983 16 4996 7371 7489 3719 2322 9726
17 6695 9276 6132 4696 7729 3909 5211 1715 7164 7809 323 2606 7943 8183 8677 8913 9967
33 9523 7398 5996 8348 560 3373 7604 7207 5879 6218 4625 3323 6240 1154 4423 4512 3379 5681 2012 4847 3109 2792 3143 2046 7100 7238 6384 7481 7166 6434 5471 8942 9875
22 2869 7428 2681 7636 8555 7041 3531 6359 2702 4227 7075 228 6895 6019 2287 5485 7524 3665 8386 8454 8879 5415
27 4150 4867 977 3191 7567 6771 7883 6078 4555 3532 6248 7316 819 3271 594 517 1493 5728 2381 4732 1971 1483 5897 4580 1077 1015 976
24 1005 1113 6329 2426 2711 1524 284 950 617 8378 6737 1944 1911 5340 5004 3141 2087 5357 1165 5738 1615 2895 2620 1038
25 961 9477 4017 1968 2095 2468 1394 3137 1870 3489 5002 5943 1889 1618 1717 2890 1070 2114 4735 7304 6569 7721 7356 8718 6288
18 920 8040 4080 607 1263 5426 5238 2602 2270 5465 1199 3597 800 5999 6397 4232 5102 180
29 1978 7156 3866 5182 4115 4297 9118 5428 6024 244 2921 2621 1767 4978 1450 5558 6014 4076 3707 5590 3801 468 1213 3095 6715 7615 7722 3480 7937
27 4894 9495 2975 5829 8681 3082 967 4130 5824 2769 6378 3574 4075 4218 803 2584 3519 588 1442 1241 3324 1128 2806 1898 4432 9217 9792
12 9550 152 6048 9410 1494 4105 1774 6708 4698 276 2445 142
20 222 8379 4872 4971 2558 5394 2835 4343 4212 924 5992 3902 5350 3178 798 505 2202 1659 6049 1545
28 4058 8189 5027 5875 8073 608 1997 415 3879 5584 1676 377 235 6775 279 3406 5548 2242 2030 4738 2328 3350 3964 792 1579 2243 9461 9834
30 9675 7471 1697 332 506 908 137 799 1504 6379 3308 2715 2461 4549 4237 500 5850 4945 3385 2195 2987 4294 1726 6847 5148 3791 4911 8674 9168 9716
34 9799 3603 2518 483 9819 8035 4639 5695 3609 2867 7576 3790 6681 683 4312 4979 3551 3503 5614 1816 3706 5945 3937 4670 4391 6723 5345 5688 7175 5342 6635 2449 8927 3021
32 1664 9874 3199 6029 4869 4587 9846 6716 816 7508 3925 4106 4682 5502 1770 1610 2150 4526 5518 915 3240 1303 2879 6768 1043 7437 6911 2221 5923 8626 8893 9937
24 297 4648 277 3317 3263 4153 9562 5240 1910 3102 5457 872 192 6224 1739 1825 4463 6935 7023 6441 828 2019 8925 9661
31 583 1323 2026 2748 8273 7595 8652 2184 3314 6571 173 4626 2447 5568 5448 2858 1249 3804 4923 5053 960 1645 4791 6598 7168 4126 7377 6644 8083 8097 1343
31 8840 3249 9996 1852 6420 596 3366 709 6659 6161 2272 2078 405 3045 2414 3747 2256 4333 1811 4961 5542 5297 2798 5791 1802 4083 6096 2321 7742 8156 4013
7 4143 9680 8682 5662 2119 9505 1855
33 4346 4720 6202 3795 2041 8167 9158 5660 4355 7633 716 7724 6751 3610 4060 1296 1572 6431 1025 1596 5035 2674 5843 5144 4766 3189 5928 2697 1288 7839 8255 8532 3120
15 2316 8151 2260 5099 4282 4266 4043 694 1690 4429 3553 5183 2619 418 3367
25 2559 9544 1002 118 6800 4330 5523 1345 3078 1446 3074 3538 2022 1362 4151 6525 2827 3533 5429 3780 7980 1923 7182 9351 9380
31 7952 4475 8774 2401 2780 4733 8419 4656 8796 5678 4007 5642 9972 7068 715 3509 918 619 2772 4373 2085 5119 5677 1708 4401 1813 926 2138 8319 8581 2169
29 1888 8440 2425 2635 9037 9538 8353 9134 9923 4477 3247 1709 670 4988 2142 2204 1789 362 3192 5141 4556 6673 2326 7288 2821 8076 8508 3631 1410
20 7119 5227 1024 4170 1218 2992 6101 6648 6196 5914 281 2535 2148 5157 1666 1469 2590 2101 4216 5886
22 734 567 5358 3160 8224 2132 3022 5892 6703 1079 6744 185 4116 6109 2083 1549 6640 4324 1425 7705 3984 9398
8 4214 8435 3067 6296 497 1723 4887 144
14 3149 9920 661 5006 6903 1587 9742 636 1455 3211 1844 296 9259 3528
19 8204 3596 7193 9164 6538 7994 2852 7535 2797 6971 3146 7078 1638 4085 3501 6581 3256 3709 321
30 157 8338 5816 2651 6023 1182 5014 1930 2228 4747 5139 5715 4890 4468 1535 2672 4524 2071 3306 3941 6314 6315 3302 5836 2908 7395 7801 8202 3064 6997
17 6321 37 5585 3668 5884 6299 3243 5800 944 3898 6890 6986 7087 6876 4883 9058 1378
24 5598 9463 627 3424 5954 3092 5049 1500 2140 5375 8412 1062 1096 624 1041 5958 3009 4464 4878 4874 1033 4571 5530 5059
12 3988 7804 75 2746 6828 3792 5599 6158 3903 1841 8775 6271
33 8406 6502 9452 1090 2642 9109 3833 1830 3783 2654 5228 9242 6346 2275 9964 1271 7145 6699 2438 2109 3241 6226 1806 1321 404 5624 1336 3983 3687 962 5900 8908 2897
32 9283 4885 7236 4028 5303 4403 4595 396 1393 5933 2034 2850 3201 1926 1941 4289 4517 3060 3158 1274 1244 4199 6555 6628 6667 3275 7089 685 7834 4281 5029 9765
17 7862 47 935 559 2613 7113 1168 1069 5534 4701 1772 1538 851 5165 4889 5573 1254
29 6961 4693 1734 5500 1564 2112 989 3119 1106 9684 8998 2884 6793 1810 4777 742 999 3650 344 3820 1713 555 5276 4753 4418 3012 8139 3514 7825
24 4842 9282 6536 1223 5711 376 4605 5169 934 3007 7857 3463 5305 3222 2308 367 1426 1161 6617 6107 2843 4778 7881 2130
9 3103 9830 9464 4957 6615 8187 6601 5287 1880
19 3457 4194 8464 1386 9182 2781 2209 8030 8272 2760 2541 270 6675 6787 4162 4267 5821 5854 8527
31 9216 3951 6125 2497 9751 5267 3770 3228 4924 6566 2846 3534 4457 5475 6047 5482 748 4974 3659 2980 4341 2201 4271 5961 2747 966 7073 794 7758 9577 9786
10 622 4536 7249 1904 895 8071 56 8638 8019 9703
14 5406 9375 3530 320 1591 366 1743 5956 3912 4572 2367 1936 1878 3861
16 3693 1227 6404 5347 2333 3542 9836 3165 2612 897 6140 6591 188 7649 8364 9203
23 445 8029 400 4352 121 7573 4654 4685 6235 3267 2129 5243 3389 850 3452 4505 1108 664 2812 662 8199 8276 2530
22 2986 8831 4585 6066 578 7456 3258 5619 4824 7267 618 4845 1682 339 1766 1987 3423 3745 3184 3871 7974 1020
7 29 3527 9011 5377 1959 476 70
27 3471 6128 6474 4450 300 1583 4449 3278 754 5016 305 4452 4831 2617 5110 4975 5403 5197 2005 5075 6005 831 2210 7688 1293 8700 8069
24 8179 7224 2118 7196 159 6121 6962 2898 7221 4675 7872 4357 6138 5704 2340 5986 3283 4925 416 2347 1127 6577 2490 6960
17 3555 4761 856 2825 2686 871 5116 2164 3173 912 928 5473 4692 3011 5904 4469 7641
34 1866 8021 2523 1674 9274 5307 127 4744 691 4163 4031 5610 2601 5284 1275 2279 2682 4565 1996 5898 486 2002 1379 4434 6732 5248 1278 6212 6258 8180 8441 7601 5631 9781
15 580 6654 3197 1192 71 2391 6872 3734 6685 7539 7814 7906 3107 4042 2276
34 3281 7666 6922 4050 4141 671 6062 6630 1859 3811 6120 1411 3079 4012 2694 1277 5249 5575 5722 2365 1400 838 5549 2962 5432 5290 6701 6153 1093 7985 8685 8825 9013 6260
32 6456 6580 2240 1710 7103 4209 5608 2332 1980 1314 6171 2563 5747 5257 4026 3563 5327 5190 5231 6001 6077 2723 6017 3033 6616 4519 7204 3134 7311 8345 8658 6458
34 2020 3976 2566 839 2973 9042 4938 1169 9062 3261 7466 6156 4714 6391 3767 338 1235 2348 5068 5675 3960 3908 2255 3548 6219 4972 1060 4918 5973 7831 6465 910 8949 4955
27 7640 7226 3116 751 7263 4331 3507 384 274 3159 5259 4710 1945 868 4548 747 2704 4780 5949 5435 3945 2623 7696 8195 8453 9465 9865
8 2576 9473 5699 7737 9833 1330 6190 295
7 2912 6740 206 3557 417 3539 59
12 1353 9459 51 2252 7378 7402 4779 5874 8463 9145 8414 9876
27 8184 85 9570 2875 5451 6056 2829 6519 7525 2437 3300 2611 1119 604 4051 1032 3456 2503 5283 4530 535 3863 7973 8106 8636 8941 9172
20 4788 6189 1013 9845 435 381 4659 8173 1415 6956 7187 3133 6727 3372 2417 2909 1501 3088 329 9196
24 6228 1384 5491 6110 3396 6547 9419 2434 7282 3829 5221 2315 1061 226 2262 6428 6520 4230 6770 5581 7244 6665 737 8543
18 4495 6912 23 97 612 4038 6713 6038 4368 3508 1486 5984 743 3884 6303 1808 648 2669
24 1269 5402 5387 9052 5393 3459 7572 5477 3054 1565 674 1643 3432 3450 3494 6578 217 6509 1775 5741 3771 3815 5528 2709
29 5424 4546 8991 3666 6985 7922 3190 9889 5962 1947 2989 6868 243 359 5181 1089 4465 1185 6588 4700 6878 7084 3671 6968 7951 8265 8120 9638 9749
20 5341 2357 1588 3403 6012 354 156 509 4472 7830 3145 201 6137 3844 2662 904 1730 4239 3769 5985
14 1735 7116 2293 8835 2663 1319 154 4448 5331 5397 6027 5281 430 9599
23 957 8458 864 1874 21 2125 518 732 4442 4407 4567 1885 4122 1049 3209 2066 6166 1899 2583 7338 7151 5666 9558
16 4586 8254 1326 3462 9159 9044 198 411 4052 822 2458 7083 7302 6246 4311 5538
28 3025 3409 3865 2539 975 9070 4195 1539 4426 2498 2218 6920 547 5577 2499 1083 2306 5707 1280 3932 3914 5814 5833 3422 5058 8865 8947 4538
26 5304 8856 9002 8093 6739 6480 2304 542 2174 7764 6838 4263 689 4460 760 4175 2232 5703 1575 6427 469 6993 7606 7832 5265 1418
26 7141 6951 7277 5234 8989 3493 5751 2368 4415 355 6641 4453 1513 1065 4614 3756 2873 4573 1243 1122 4458 1837 4927 8126 8404 2544
32 3564 4624 1518 2934 2060 907 9546 5260 6491 2948 1891 613 357 5484 2634 1373 3809 784 4110 6267 2807 2450 1180 5596 7313 6627 7035 7478 3255 8411 9088 8185
36 1528 5856 8573 7557 3445 1175 7208 9273 2930 9481 6422 8667 3867 1561 2048 2910 3992 1307 4590 4906 1026 3413 888 5648 5330 764 1481 3040 6720 3942 1599 7484 2200 8726 8884 9331
30 6952 8024 3148 9195 7513 3974 4677 953 4055 6290 4964 2231 3242 3873 5416 2733 5980 1648 5229 3581 4763 705 7031 7136 1148 6052 8744 9220 9887 6870
21 8342 7687 9078 7102 1755 942 5837 9262 5603 7941 2809 6910 5062 1389 4002 6488 2756 4420 327 9198 4186
24 3030 8586 3029 6455 1010 2537 9696 7312 9625 1557 5724 7682 2954 1846 8485 4944 3752 6301 6104 2383 7341 4473 6728 2887
33 5161 3546 9628 1963 3038 9457 1942 9234 4249 3731 2374 4722 5317 592 836 1034 512 1485 3337 1370 2826 5194 2705 4707 5469 6592 6760 5131 7038 5404 749 9176 9354
28 5716 9405 5887 1550 5054 4291 3112 1152 8737 9424 6579 5709 5708 7422 3854 6806 2945 6730 6830 1289 3161 237 6071 5037 4390 669 805 8375
26 5649 66 6618 342 2089 5909 433 6366 6008 2913 3628 4870 5195 5807 1703 2146 3166 4934 6464 6532 6564 2064 5811 811 8722 1569
30 3743 6558 8715 5295 933 1729 3565 8034 8529 6009 294 1464 6223 2345 985 2719 5639 1657 4385 2258 1954 4444 5935 2703 3304 3335 8714 9034 9454 9673
33 3692 6765 3875 3740 552 9475 9539 5550 2467 3425 6883 6306 7542 5268 2205 3473 1920 4258 4876 3360 4191 878 3355 1927 1059 1991 5839 7201 4451 6795 8762 2840 9545
19 6039 39 1428 4104 5417 6375 5023 4489 634 496 5832 4081 1928 5423 955 3836 7803 8251 2586
16 2008 6485 5572 7082 3572 3362 134 6423 4067 3982 2552 4619 5611 5950 923 590
21 5245 9581 8277 5189 2056 3816 7874 9757 4411 87 6419 6568 6611 3041 7290 7317 7369 7480 7756 2845 8377
25 6424 8484 7019 5008 584 1179 4314 1871 2319 684 1566 1375 4748 3059 1397 1829 2647 6180 1374 2145 1341 5545 1962 8943 5571
20 8559 1512 8848 1635 6756 2718 68 6773 6421 6964 7144 2224 8100 7537 8623 8887 9250 9432 9794 5841
32 61 3208 7933 2753 9900 4776 4236 4871 4068 947 5380 688 774 2935 5171 260 5852 4276 4210 1017 4155 4030 1526 4672 1893 598 7390 2172 994 8818 9417 9533
22 7229 1637 4635 4910 3083 2731 6356 3338 2732 7162 2556 3839 3429 5526 4937 527 3266 4369 5478 392 9056 9517
34 8102 190 9702 9485 6856 4101 1369 9647 5994 3904 5374 1008 4921 4111 1741 914 5849 6264 632 3768 4755 2707 2472 6510 6612 6690 6250 6988 1115 5891 4897 8641 8863 3737
31 1879 6206 498 422 6512 2394 9962 4879 7301 2766 2882 936 1308 1342 3101 4852 2190 3926 3336 2239 4201 2744 2223 2877 3415 7044 1141 7946 8046 3892 3643
21 8728 9503 9666 6563 529 2675 4441 4528 227 2349 5787 6343 1479 2337 898 5232 1718 9589 9990 7986 9476
23 5381 7230 4455 9385 32 6076 177 6331 6163 3859 1424 6463 218 221 3742 2421 7904 6266 8461 8113 9099 5173 9326
29 8578 52 3547 3154 3661 5880 6799 3072 4459 4345 577 5427 4603 5759 5823 5126 6227 3179 3800 3899 1636 3014 2423 7851 7979 8090 8612 8923 626
28 268 666 100 3694 544 4787 4499 7222 2805 1217 3968 815 2405 3136 2111 3996 6050 5151 5788 6487 6545 5095 1514 6481 7983 8260 8980 9808
33 3008 9935 2436 5621 6058 9657 7209 2320 1531 5176 2670 946 3847 4033 3449 1761 2632 4004 5271 2894 651 1798 5246 4413 4861 5077 7590 7752 7820 8267 9025 9309 7111
9 7877 4437 4196 5771 1201 1146 114 2616 4557
11 7799 7435 8699 8351 4482 1529 124 1760 5612 3407 1022
10 8520 3049 5282 1399 13 2677 5939 9719 9117 8154
27 8271 8055 3989 9364 4497 9156 2121 1176 1679 3210 1747 6452 5154 333 1750 3481 2988 5468 4640 5178 1366 6791 5296 635 8430 5408 7036
10 585 3236 8742 2386 6593 536 5486 2844 4646 840
25 7911 7810 1973 115 4840 3115 1266 2433 2214 1839 1258 6144 4609 4298 5740 2435 4545 3627 7160 4339 1826 8558 7533 5020 9932
25 741 9537 4713 1098 1391 6909 3285 7006 6880 744 663 2294 5136 3704 673 3552 1608 6278 2725 2689 845 7565 5046 8740 5606
31 6607 8149 3849 8902 3066 4299 1863 921 3669 1197 1320 3404 6495 2765 1050 4730 556 3446 5463 4900 858 6091 4367 4757 3882 1202 1327 7954 8043 8308 3812
19 6649 2788 3329 5593 193 7614 1771 1058 5097 2084 2789 5383 3018 5164 1957 4022 526 6759 3638
18 6160 3245 1609 5112 7546 2657 8346 3193 155 855 3483 5655 5687 1131 620 3642 3733 1998
11 4882 9012 9105 3885 7685 9065 2385 5679 285 2040 2758
8 2941 7975 4048 174 302 1559 9311 9906
16 4687 789 199 8747 6498 9018 1324 2288 108 3172 7918 8282 8567 8885 9499 9782
22 2774 4208 6352 9809 3469 5356 5302 2636 4543 4316 2494 3525 621 4381 452 1938 1087 7818 7335 7460 9668 6494
18 4829 15 2931 4523 309 3943 2666 5315 4680 1759 5493 1467 5533 2457 8221 8541 9120 8301
9 113 8370 1186 1843 4064 9954 31 818 9532
30 8395 6003 2382 3842 1845 9392 7840 3345 3685 4119 938 7080 2037 5163 2740 4272 3392 3330 4712 471 765 3658 4313 6341 3460 4149 6973 5334 5857 6221
23 9207 6200 1054 2352 1331 5622 969 2842 4293 6848 1534 1850 2892 2582 426 932 4998 6358 4977 4976 3522 5865 3825
24 3239 7000 7097 1272 1762 4541 8094 4398 6904 2264 3476 4470 1695 287 6249 4599 1173 5407 6693 4904 3887 7289 8211 3857
25 9411 6239 448 6643 7239 350 2246 736 1471 5733 3237 4578 2263 3296 389 785 3678 1334 1552 5806 7008 7374 7476 7600 939
13 4644 91 8719 205 3048 2775 3978 3702 797 8371 8648 7714 6613
15 2944 271 7174 3270 6133 3940 5866 2640 3086 289 540 8091 8552 9119 7049
21 1794 4154 4349 2031 9815 3840 3680 986 8609 2578 6407 4965 4278 7562 4406 6515 197 8215 8517 9294 3346
26 9670 1414 3138 5818 8219 4602 2464 6399 1487 3098 5087 3675 2359 304 545 1388 1687 1574 4303 579 3591 4962 7123 8592 8895 3883
17 8420 8816 2577 9190 8955 7916 3958 7171 7643 847 793 2859 1714 3352 5513 401 5253
5 3321 42 631 5509 1018
28 219 6338 2967 9712 1181 659 5160 7197 3765 2154 3293 1468 6042 2197 5093 6505 3244 2763 3365 4023 981 1507 5895 5685 2940 7676 4177 3589
30 9901 5034 2335 9965 5920 507 378 2250 9897 1721 5279 4244 7014 1603 1814 1499 2684 972 3076 2183 3301 2182 4287 4994 2836 937 4203 5931 3929 9885
27 6044 7465 9180 9738 2105 1725 4147 7691 2023 5188 4856 1842 356 5625 3568 3788 1451 750 925 6347 5030 1158 6995 2376 7813 464 3969
11 9121 25 5774 1582 4010 6624 3797 2113 8078 5179 7058
8 9020 9890 5212 6454 922 8546 215 1339
26 9291 3640 5237 1778 106 4711 4486 5464 6926 4746 2016 420 3342 2149 4240 5081 3063 3464 4702 6869 4079 1522 8363 3043 9467 9601
11 2176 7 6022 4061 1619 3677 7450 1823 9290 9711 9536
21 6767 9974 3334 482 3544 3615 4035 9610 7232 8642 3290 7762 8804 9186 140 5242 7051 1699 1230 8839 9522
7 8675 5777 9353 4029 8791 2591 82
17 1993 7585 364 94 3427 5965 4037 6516 6586 5251 7032 7074 7218 1614 8712 8910 3386
16 2278 5158 1835 3057 4913 249 1048 6103 3077 239 5184 4993 5309 6130 2350 3491
6 1563 92 2790 6197 1376 181
26 9979 5990 9869 3512 266 2952 8445 1746 6597 524 5835 6386 7194 6562 692 6810 2947 1072 2712 1155 1462 3998 3084 6330 1427 675
20 8509 7129 2742 326 3114 241 4485 8118 4274 1101 6610 264 1367 1482 2679 7487 6093 7899 2618 3985
18 1815 7548 7816 4617 2693 4206 4561 5256 3295 5583 5786 6824 943 383 8797 8939 9369 9736
28 6633 1406 9985 210 2984 3124 6784 4623 1787 5462 2938 4248 4569 1818 654 3412 2493 3485 2811 3558 6256 1044 2339 6702 3931 2280 5376 1150
26 2327 1438 9177 9604 2966 1299 1368 7726 4768 5026 2595 5587 5600 6006 3660 5705 346 5997 2855 349 4723 7673 4568 8753 9215 5720
36 610 7768 428 5025 3972 5668 3319 2480 3169 459 852 4734 3070 5801 1905 4997 1786 2936 6205 2102 1578 3794 3183 5177 5185 2726 4743 6482 6688 1669 5661 7563 4606 7824 9614 4243
21 2507 4387 5743 315 3773 5480 54 4864 6522 2353 2976 3637 5667 7170 6177 3378 8084 8423 9032 5063 5370
21 4098 6884 1251 1363 2511 9559 6360 4107 1797 3420 6638 2355 4838 207 6508 6600 437 758 6507 9854 8921
25 4066 2603 7446 1792 7380 595 1016 255 863 974 2587 1505 1764 1242 6539 2564 3265 2886 5521 3035 5758 8002 8169 8538 4662
26 489 7690 2409 2217 4384 4247 3874 6680 3135 434 6281 3262 668 1975 5930 3019 2379 3056 4174 5138 6435 948 1137 7713 2203 4047
31 5902 8274 720 4202 9769 6575 3051 444 2680 1429 6596 6253 6722 916 2159 4535 6444 5421 4529 647 3297 652 5641 2628 6992 7189 1642 2329 5230 8964 4103
13 7468 33 4968 5051 7126 6521 4308 4820 4531 8279 2090 9443 9811
7 2429 5698 1970 306 4 5293 3110
24 4984 9633 3906 1693 4021 6719 9561 1104 4062 6345 6451 278 4032 814 4176 3598 4727 532 597 3298 729 5057 8704 9396
14 2828 4084 318 761 3818 1537 843 8970 1431 2052 2373 2614 2978 4471
21 6418 4414 7319 209 1200 8146 4658 3663 4593 3326 4006 195 3720 2716 763 5922 5434 7968 8424 8669 4803
32 3667 9406 1100 8085 3435 2360 2969 5070 216 695 6779 5872 4898 5364 4809 2994 2876 973 2420 5840 466 5989 4466 2301 5883 1377 7596 7950 8141 8802 9690 9891
26 4056 8403 5952 5409 1110 6746 3722 1123 1031 4881 701 4053 2416 570 5118 1021 2779 3162 6632 5972 3349 3718 3781 8488 8870 6919
16 9698 5710 4833 9557 3502 7464 110 1172 1848 5024 5322 1544 3928 3518 9097 9771
26 6965 2512 8367 4958 2292 7234 7501 3231 3216 1420 3027 1988 4647 4280 347 3711 479 5544 3180 6057 7526 6433 8216 4790 9365 9922
28 3410 5113 8979 9813 8595 4664 9232 1779 7066 5967 3691 2645 2042 2596 909 4915 6176 5326 941 2476 358 6010 1577 5264 6394 2298 3612 3288
16 6361 5948 8892 3510 1221 5686 169 6213 9035 2453 7271 1255 4487 5780 316 2049
9 2418 36 6368 1966 7898 6853 8569 4553 9955
27 6269 8079 531 2362 3646 3496 4167 2959 1310 2990 6187 3397 1763 628 4362 446 6233 5588 5450 4726 2310 3106 2100 2516 7720 3535 3204
36 6694 3475 1949 6809 4503 2972 5074 4019 7392 2874 6953 4533 5083 5929 5191 5908 4265 6105 3013 3448 2283 1851 3713 3810 1556 2743 2318 7027 5978 7228 4741 3611 6087 8429 8098 9776
15 5222 1605 5516 4011 73 2588 6661 6697 4189 7251 5817 3656 8497 247 1212
30 2531 9602 7686 6966 3807 5241 2900 5579 3793 6902 6850 2206 2722 5556 1047 1078 1671 1265 1765 1858 2266 3604 6754 6136 6534 4554 7708 7800 1701 9211
18 5881 9851 9349 72 3777 5525 4765 3223 4148 848 6530 4129 6837 3327 5551 1312 8295 2770
20 3708 30 2444 3556 5314 6353 809 2560 3516 1440 5643 6086 3716 5338 3766 3683 6889 1204 3850 1300
7 4873 3202 8 7938 8230 1646 5697
23 1228 7677 1030 5089 6255 4404 3058 5012 7668 3232 1143 179 5873 2637 2188 1868 1812 7157 3965 2185 8304 5953 9849
27 2166 3786 4285 4245 2997 772 5766 6871 3952 2072 3710 6683 6184 1822 5919 335 4488 2824 4095 5797 5773 1903 4310 2656 7964 8269 6750
24 9187 8302 3354 780 982 5291 1346 2076 7118 6582 4046 5567 3799 7793 6605 2116 4093 4198 940 340 4500 1103 2822 1114
6 554 5746 7430 2573 6 3097
23 8564 4583 9685 409 565 1260 1685 2181 3433 646 8990 5844 4857 1541 4317 251 3046 6546 8332 8501 7375 7115 7223
24 6900 658 9805 4705 9613 3036 7382 2776 9710 2665 9381 538 1470 4566 5692 4279 2478 875 4621 3774 4100 520 5742 424
34 1332 1372 1530 2626 7574 4003 4250 9127 7448 6280 7808 949 4302 2513 7389 5143 5104 6146 534 5870 6414 5175 1151 4827 5363 804 4922 6300 1641 5388 1306 8880 9336 9555
9 7227 38 5894 7054 5563 1472 8701 9067 9329
15 6780 6526 4544 6814 6216 5701 3230 204 7132 7264 5937 6840 6994 5449 9616
14 3655 7575 50 4238 3472 2092 1542 2853 1663 3787 5753 2610 8174 4091
18 9626 3068 601 2783 830 3537 992 4366 5124 523 6114 575 4235 322 4000 963 5975 465
28 8698 8882 886 6999 2907 5134 3085 3269 386 5216 5320 1011 1329 5103 5595 4425 5762 2849 4131 5745 4283 6599 2474 1403 7618 3543 8087 8582
7 5343 7948 44 5204 4641 1207 9860
26 8086 9137 8328 984 6340 2178 3721 2857 1613 2527 6013 2192 5009 7516 3505 2082 2561 1702 288 4970 6061 2522 1711 931 1484 3207
11 2324 6068 8574 3830 5602 4205 660 6484 599 724 5226
36 3697 2538 4706 5541 665 6523 5656 5799 993 5021 2043 4072 1396 5278 5353 3316 4947 5233 2644 1167 4370 3144 4427 5795 6055 6295 6328 6351 4181 783 6899 1809 4476 7597 4057 3562
28 6913 842 9795 7579 1352 4326 2661 9458 8780 3657 4689 776 3221 1781 2851 253 3118 5412 882 6417 2013 6990 7233 5653 4731 8036 8226 8433
25 3168 8739 8209 3176 8176 7387 6247 1433 463 3924 728 4382 5552 3214 3599 4936 721 4480 3094 2870 1698 6035 1576 4716 9573
24 6843 9634 9314 1686 254 387 6548 1736 257 334 2267 5893 345 4967 4908 6573 6323 2277 2698 6978 7869 8417 8900 6439
16 7188 1170 4467 133 731 5851 1007 3649 4306 5918 2491 3388 602 4844 2134 5501
22 6794 2738 8203 1177 1527 9289 1365 9199 6274 3524 1476 7143 561 1592 1597 3130 3738 2678 1214 1156 2727 4417
16 4877 2424 9492 5344 352 3466 282 5262 4251 1136 2646 2655 1216 360 759 9956
16 6139 7364 3122 2054 4496 1692 7873 2341 2189 6339 6142 1769 1621 4386 5067 3286
14 1407 7637 7683 3047 9033 6672 2035 2901 7843 3213 6312 3150 2017 2528
15 477 5510 7373 2649 802 6634 1245 1733 2745 5082 2885 7613 131 8082 2055
21 696 1860 4428 9306 2455 4830 475 5422 7411 1004 6319 582 1337 1357 3142 2451 3006 2533 460 3705 343
13 8213 9104 9735 881 5495 2673 8101 1309 4224 3075 7794 3341 224
37 8787 7320 8832 4665 4405 4410 6173 7698 8191 643 2126 5557 1297 3750 7149 3606 3573 3828 3763 5520 983 2199 5270 5333 3131 6310 3348 6543 5348 3995 3641 6147 7069 3838 4506 5592 9390
12 7709 699 5744 3891 6168 6192 5748 3739 161 3623 1159 2862
12 5858 5540 211 233 163 714 5640 5767 5444 299 3586 9334
12 3647 45 2475 5993 5842 427 6011 5316 455 2794 5280 9850
24 1447 6123 6392 6446 2171 275 1029 6234 4351 3233 3841 5729 4419 62 2625 2643 6700 6934 2211 906 8808 9210 9918 5723
25 8630 2714 4507 1430 388 649 4853 4114 4564 3328 1668 4789 2996 6486 3736 903 5736 971 3626 4408 7388 6080 8278 6191 8556
28 7849 4673 5535 9549 9681 5453 1081 4356 2565 5329 7806 5768 7205 2580 600 223 824 5966 3582 3312 504 4380 3868 637 4286 4332 4987 9915
22 2589 2297 65 1670 1229 525 5524 5882 5921 2549 2226 1153 1793 1398 5431 5439 6914 1191 5508 8044 3279 9756
32 3294 6053 1955 4502 1601 4139 3117 3181 6089 930 5899 550 1840 2506 1116 5258 3577 3523 2459 3517 4737 2014 4392 6209 7022 6955 7485 7992 8392 8959 9131 8847
