45 42 9131 502 6616 4350 4487 3625 6652 2794 1802 200 841 4444 3158 6523 925 9442 7450 1233 8668 8213 4818 4019 7108 39 8144 3416 8801 7877 3241 5847 7001 7740 9423 1615 9723 1255 8402 4556 1350 6038 4771 6088 5269 4300
26 187 9543 1833 8851 9617 5662 2593 1117 8196 5399 17 5989 4404 5926 3138 3349 4354 8132 1738 3554 6625 9802 5690 7134 5823 6575
74 295 4960 750 8468 9117 7787 5984 4807 5522 9835 7536 3955 8335 8616 8337 5332 1097 3771 1829 989 9008 2615 8254 2220 9588 1114 4676 7124 3213 5642 830 7221 3571 5899 1502 4534 3594 3088 7964 4023 9195 9801 672 6937 727 2461 4024 7594 8531 2655 3994 6239 464 2302 1714 1580 8522 8343 7788 2170 4026 7156 2737 1464 4058 5317 3008 5845 7178 9330 3870 2582 2681 8385
58 306 2648 5855 7084 2535 294 8439 9322 6322 1133 2295 9955 4722 6859 9439 5587 4642 7927 9455 1873 3983 4551 1358 4855 9344 4230 8610 7212 7499 5627 4838 9560 8960 649 4946 180 3325 6476 8367 6195 268 8208 8662 5893 3935 921 1355 9206 6593 7440 2177 6141 455 9904 3101 1027 6626 8619
52 333 8057 4808 5185 2263 2512 9513 7912 6940 324 1224 8313 1366 9701 4719 5602 1159 4253 7786 6126 4536 5141 6592 8344 3023 8010 9374 5140 1583 9881 4108 1538 3493 1470 566 6745 9208 6921 882 4580 8953 2902 951 3161 5050 2781 5915 3159 1099 2783 2678 2507
76 389 7735 7642 8147 8089 881 9983 1206 6145 1618 9007 3147 3635 3849 8278 3251 6063 2632 2657 8255 2893 6399 3441 7431 3786 3463 6365 7069 802 8221 2484 1673 9999 7218 1013 7273 8269 1265 8984 6863 3089 4670 8703 9005 9009 3792 4269 4876 4491 7971 4626 9715 5363 118 1529 3309 6548 7252 8243 8985 8084 1374 5560 9124 1682 6833 4936 3988 5882 8100 2054 497 4840 7856 321 2516
8 493 4170 1842 5511 5223 3544 9084 1620
15 691 1579 5195 1556 3316 6864 8338 3108 9729 7102 2324 958 379 9661 8510
52 835 1109 3899 5938 8797 2 4239 1809 9966 1124 2353 9979 1402 5480 8591 109 8345 8371 3065 6457 2761 6716 5800 1392 270 3657 1887 3301 9409 9630 4051 461 303 2660 842 7027 7961 7262 347 1379 4711 4668 6349 2073 1605 1200 4744 8411 4569 1331 7690 5885
39 1134 1769 5724 4933 1787 9147 6049 164 1009 1770 9551 4010 2227 100 5841 4763 7168 1803 3945 9294 1180 104 5891 151 3933 469 3338 542 2074 3676 7445 2824 5120 7714 8576 3045 2491 8203 4884
7 1179 9049 8523 6836 5716 3753 6100
11 1408 701 9446 8383 7191 1700 2252 3306 9384 2966 8231
49 1434 660 8267 1752 7606 698 8177 8143 1067 854 2693 5820 895 9570 1391 7737 9209 5539 8028 6884 5205 302 9671 9144 3255 148 438 5111 6381 7051 4928 7446 7669 8658 2544 448 4998 7008 5374 8187 8539 3580 4235 6663 6279 3071 7559 4275 6627
23 1711 962 7015 2855 9397 9056 4822 1493 4992 2977 2984 8094 4743 1853 1885 1063 3180 7018 9666 7385 8190 9098 101
2 1785 8995
37 1808 7793 7777 5218 2232 499 1525 9986 4193 8840 7046 3912 5074 8628 2651 4591 8907 1389 7838 4428 832 2080 5063 412 8185 4218 2428 376 5972 8341 1413 5104 5299 4902 6644 7795 7159
14 1959 1813 9435 5653 9699 6092 8885 9363 5530 753 9012 9029 4101 7928
9 2098 207 4077 9890 9743 6935 7581 1139 9956
38 2139 6603 9211 7439 544 6699 3519 1976 4 1197 2395 2201 7845 5896 2768 4677 1076 6566 851 9953 5294 2885 8117 5569 5398 6667 990 8060 5780 6271 1184 4897 2530 3422 6952 212 8395 4347
25 2150 13 5645 4529 9836 4386 1890 3283 9462 2992 4639 4694 792 33 956 6112 9485 3830 2613 3904 4575 6230 1310 4527 7415
53 2223 6312 9949 290 1307 6606 323 5474 4204 5906 4032 3402 7466 6191 7935 2325 4515 8347 1524 7941 3284 924 8775 6735 2576 8864 664 8601 9060 1706 7844 4471 5758 3129 8996 2043 9103 3204 3820 762 9534 2026 8921 2271 6132 3397 658 3793 1979 7451 4173 1658 8126
10 2234 5262 957 8481 7894 896 6150 5612 357 5020
43 2368 7047 2713 4989 7042 6928 3099 3694 9592 780 3331 8471 2555 6372 6118 7920 4859 1362 8202 8326 5217 6909 1900 9905 7019 113 7972 1347 8197 6415 5805 860 2779 8195 2357 5844 3366 2493 9697 3080 9827 9307 6207
29 2440 8246 1831 7345 1023 7525 2397 6085 8604 3819 3926 4081 6024 5073 877 2413 6345 1774 4128 6786 3641 6492 6861 2653 3004 4780 354 8155 4618
7 2446 6808 7918 3911 9366 4415 7986
55 2586 9538 9490 9769 1701 9389 9 4045 5093 1482 1662 5732 169 6743 2193 5648 4955 4125 8599 7630 5741 255 3085 3046 2229 8082 9928 9266 1480 8379 7070 6043 7403 7506 154 8021 1755 8361 9840 1859 6903 8719 5824 1110 5155 2340 2285 3219 5582 1626 2627 8712 8660 3607 4895
33 2600 6992 7416 8414 6400 1231 905 6336 6853 5799 5468 4359 6685 9088 6285 7160 3597 4073 9684 7913 9331 137 4651 876 6541 9181 374 7551 3239 2938 7396 7810 6153
7 2603 3353 9995 8715 6017 7341 6576
16 2635 7662 5856 8258 972 9839 4021 1002 5550 2913 6310 1960 3975 2495 7404 6612
40 2734 5046 9714 811 7487 9790 158 7436 4192 9910 6252 301 359 4952 3356 237 5259 2390 1929 5808 1029 1892 557 3963 2185 5565 9122 1927 4970 4525 3891 3109 4836 8041 5131 4143 2700 7628 9958 6614
46 2758 6190 4473 8783 3069 6708 6015 6364 83 3110 8369 8862 6651 6768 2425 3359 6343 3408 9511 6957 761 9512 3566 8822 6549 7940 329 5004 6108 5544 8382 9468 4342 4121 614 3577 7197 7738 31 4600 2268 2807 4940 9731 9100 6650
4 2772 5654 6485 163
30 2822 7511 9640 3557 1985 7268 1683 1526 8260 1754 7824 6674 7370 1262 249 1102 4546 4074 1642 1103 231 2759 5072 1504 8630 9716 8926 1122 6432 7378
55 2849 9858 3452 1130 352 7984 3630 8565 3312 9830 2658 3576 4492 6621 8310 5154 6760 6326 6526 1720 8563 3263 2974 3394 1394 6383 5563 2455 8729 786 9048 7862 4242 2669 7905 4449 4296 5981 814 8363 2812 5173 4877 2537 5711 3760 9991 287 578 1991 1001 4339 9109 277 531
101 2921 5798 8503 2469 6234 7865 8526 1229 930 2918 4282 6128 6359 2531 9583 4315 3427 420 685 3130 2788 8588 4095 7135 1849 1643 1688 84 1045 2647 3563 5289 8855 4410 1796 8938 7288 1223 673 7973 9207 6772 5230 3026 6670 604 4167 9355 2508 2387 6977 7155 3890 1403 4085 7410 8271 7208 1619 1582 4649 2023 7749 1438 2210 1455 4075 3626 5922 1372 2162 7658 6858 1443 8323 4979 3424 3426 7342 3687 1812 3214 1119 41 127 7677 7968 166 2008 5092 8228 5948 1672 9018 696 7608 4097 8753 8009 9770 7417
3 2922 4119 9488
20 3039 2803 8930 2880 8071 770 1782 4210 1447 1311 6702 3224 1633 7505 737 6339 2398 3649 9934 7746
35 3042 9493 7420 7198 4772 3053 2934 6342 6679 1481 4036 2079 826 8685 6499 5538 9025 1287 7705 9517 1881 8244 5678 5734 2119 9358 3062 9650 3472 5930 8307 7315 7540 411 1921
58 3060 175 8592 6237 5574 5713 7482 8584 919 81 5224 590 541 7393 6295 1735 6615 4385 5406 1897 5425 8238 790 3379 4941 6590 636 1589 6773 4582 4869 7785 8611 916 5118 1870 7532 7321 9844 4578 1458 4226 2424 8288 6991 2290 2697 4570 2231 2181 8587 9174 7879 2625 9345 2344 3142 2650
44 3117 327 3815 2156 9437 2289 4004 4457 3086 3340 1980 4334 569 3791 6210 2011 5951 7387 584 9618 9303 6192 2675 5993 9367 643 4199 2939 1052 815 9312 7778 7700 6204 8139 1858 8847 9647 5236 3432 8643 4475 6734 9641
20 3153 9591 5815 1051 1926 9073 9454 4976 2085 7383 5360 15 7176 7406 4948 2710 7065 513 6437 1784
51 3183 8339 23 8329 475 4213 7238 2278 4845 8295 3599 2364 3043 1351 9717 9487 2270 248 3473 1286 2726 5458 1116 3788 2127 3017 1357 1432 315 6642 4816 1202 6455 2117 9514 1031 8706 6053 5359 5660 2104 5936 6709 9788 5870 5907 5747 1446 6823 3985 6821
38 3190 2038 8948 1925 553 9224 7161 5244 9033 1462 8549 4355 5051 7842 1854 6007 9665 9745 2908 9880 177 8349 8469 8004 1032 1120 3865 472 4679 7816 161 1228 2122 5791 8844 2878 986 5664
8 3249 152 1660 7297 8415 6778 9787 9339
20 3425 5919 9447 6444 3610 1430 4887 4278 5706 5188 3741 4298 250 2574 793 9781 2233 987 1532 8493
16 3448 8751 5251 9980 6657 589 3949 1865 7201 9622 7227 4273 901 2728 7483 9314
33 3516 6975 2711 1824 9350 7981 1759 8274 7200 6323 3047 8401 6353 4406 6724 1732 5495 9465 1684 6054 6788 5267 9916 3958 7966 950 3872 4708 7399 5473 8696 5638 6422
4 3592 5941 89 276
13 3660 1141 9288 9352 8733 9559 9400 7843 5712 4353 6843 7368 5517
21 3883 138 3581 7566 2351 5127 5751 5826 684 4227 2339 5867 7158 5126 941 6221 1547 1160 6167 2745 4452
2 4114 8849
3 4115 1566 7720
95 4172 4166 9584 6640 9219 8833 2506 1024 7528 9515 3380 8257 8006 6676 3297 3854 5177 9362 5739 5878 9338 6535 9006 1193 3212 1207 1431 203 7284 3825 9857 7771 5694 2276 3435 1176 3449 1352 143 3377 914 7035 7882 7199 318 3470 2757 3073 2889 9066 6302 1 4865 2173 5415 2029 7350 7283 6691 847 5754 9199 5929 6803 2932 139 1155 7562 8449 3022 8451 898 4505 1869 6782 640 8032 2248 1266 7970 731 6074 769 7861 1473 5021 2786 6842 8387 764 9838 6173 9556 2630 6014
2 4904 8903
39 4967 9039 432 1758 2633 9777 1612 8667 7803 5081 2663 4493 6946 6045 3378 3728 8429 3222 8054 3773 2665 348 8457 9142 9578 5745 1157 4308 5888 3307 7902 7224 8127 4336 5380 8188 1878 3752 4705
40 5260 8710 7014 7244 4824 3417 291 6563 7575 3009 4784 9507 9893 904 3068 8321 7210 1523 2754 9922 9530 8056 9985 1850 2827 4429 9301 8648 8112 5702 3237 1449 7711 8002 4228 4291 8731 8024 9580 5489
44 5266 7256 5307 8421 4627 9229 1996 1412 8798 3019 2748 380 4745 7317 1895 7291 9562 199 7906 3515 8861 1934 9250 4930 3584 6941 603 6272 9411 382 4813 3063 9326 8882 6220 3102 6968 4934 3512 5485 2462 8614 5484 7500
15 5371 9031 9200 656 667 2963 1964 5910 9273 6113 7485 5860 7957 2218 3238
10 5455 2823 7186 839 6597 6073 5460 7603 3266 7614
23 5588 5057 5167 5925 883 185 6817 4809 8741 8649 5176 9491 8398 4831 6296 9220 6276 7709 1011 1104 5501 8562 8939
17 5604 570 9416 3 979 5436 3122 9719 6844 1276 9329 899 9803 5323 209 1541 4205
62 5634 526 6785 3765 5492 1805 5917 5898 350 8624 961 5263 3696 5502 3487 3908 9548 2230 594 8055 6171 5329 9110 9043 1544 7712 2817 3132 5132 9256 5426 6450 9359 3495 5095 8990 3662 3886 6924 4149 2568 6050 2792 9567 3329 4924 5986 3718 2460 7963 6469 9516 2696 8692 7821 1008 9333 7530 2102 885 4000 5873
8 5876 9321 9213 5771 2813 563 7253 9408
8 5959 9696 1271 8170 2836 5059 6531 8331
1 6056
22 6096 3423 6753 7637 8999 7546 5239 4893 2299 3885 3754 326 4595 591 1230 3915 4211 6107 8405 5089 366 1646
23 6130 8118 8890 4436 1080 629 5945 795 6580 473 2391 6779 7412 4378 1828 6518 297 5884 5692 2929 6739 8618 4087
58 6198 9930 5153 9019 8872 906 338 5182 1260 8250 397 4314 9165 970 2298 4313 365 8873 5639 5390 2470 8641 5757 5090 8993 9870 6630 525 2097 5964 521 9127 1709 8552 529 5852 5905 5162 5974 3415 198 3778 4098 7948 1552 6502 8908 1496 5622 1613 3799 6396 1195 6725 7292 2690 7783 9911
49 6261 2851 7779 8129 8373 5479 5546 9264 3927 56 5174 5810 1780 2133 7127 774 3976 6984 2831 3093 8923 7017 1018 1586 1183 6560 695 4908 1877 88 5342 218 5549 8068 453 7804 491 3226 5054 368 3970 2670 3769 3901 3059 5851 8351 85 7456
5 6340 1048 9913 5197 6093
69 6440 4084 1293 2279 7952 8178 2439 456 385 674 106 6854 9660 4044 3802 2601 6331 8627 4031 1792 1692 1269 4292 8215 2760 54 8189 2188 2727 9480 8113 3569 807 864 1065 4022 5607 142 1129 2199 9539 3498 6981 1997 2383 818 1951 4411 7544 415 5937 6052 3274 8682 1022 5161 7938 2273 4793 1928 3956 7654 6149 265 3808 9192 9969 8465 3767
26 6599 2717 8346 2563 8896 5585 9772 3036 5313 8966 1042 3537 2840 9961 6990 5138 5850 5457 1090 9357 5892 5753 8888 897 4848 4409
33 6613 6197 9988 4214 7016 6710 2129 7028 8328 107 74 9186 2142 6163 4885 1610 2071 2320 9634 413 5781 6856 6820 4533 3146 1908 1585 5442 9809 3174 1459 2004 1483
50 6781 7782 7427 6375 5220 7953 2869 6895 8942 1713 8168 6106 7750 3567 1088 8461 4103 9426 8804 2521 4842 4861 7083 1970 6346 2172 7874 6165 7686 3980 5995 7140 267 4176 9193 2612 6478 5101 5017 2063 7644 8779 2257 6577 9759 1333 5215 2385 8893 3522
38 6812 4107 1942 1191 2858 2140 7351 7650 1421 2168 6421 7715 9258 9963 7974 6025 5579 8115 4749 8169 932 3706 7601 4631 7770 1543 1943 3197 4680 1540 3589 9645 5481 7194 1791 7907 6301 7577
50 6885 6461 5476 8297 6664 8651 6027 8726 132 8375 3348 4377 8718 4134 3803 9415 356 4562 2132 5277 1248 5407 6208 2882 4637 9744 8163 9486 543 7967 7619 9348 5728 2405 8777 6920 2567 6308 1263 1967 4197 1801 9444 7839 7593 4767 9860 4871 2980 7207
46 6933 4764 6154 7384 5128 8761 9996 3723 1353 9085 8419 3466 9644 3395 4333 1949 7254 3689 8359 4484 3627 195 9637 6103 9221 9886 6797 8555 8810 4020 6366 9962 3938 7413 6654 9347 4224 7553 3345 371 7474 5953 6142 1690 9558 2338
52 7080 4753 4896 540 2430 9365 4583 9792 2404 9501 6026 922 6228 4120 6321 6453 7479 6087 3600 7640 2861 9102 1463 4234 8173 5715 3538 6840 7204 9691 9680 823 8556 7048 5337 9032 9947 5559 3734 7090 6311 24 2143 7631 4512 3202 5042 1653 537 2149 2388 7649
43 7136 4760 6319 9336 9361 6754 450 2012 8324 5566 4723 2704 7058 8796 2225 5268 3400 4027 5594 635 8276 2110 4509 7365 1584 8171 9929 6759 7495 992 8817 4159 3357 5094 6034 7497 4558 7454 5250 622 757 5814 6489
28 7245 6042 9059 5401 1797 1326 2947 4736 6847 9766 4905 3909 79 2709 5344 8061 9244 7731 3652 7319 5970 8062 9152 5717 1954 7049 6246 1289
16 7318 3016 8128 687 8678 1113 736 4318 7219 2940 4777 3524 7116 3764 6618 5351
48 7320 7937 8039 6600 281 3258 446 3575 8464 6756 1417 1152 2860 4715 8837 5287 1973 8947 1884 46 4899 5676 4663 2750 3189 4675 1388 2002 5933 3087 6907 399 7281 6490 192 6181 7107 6041 7223 3207 8501 8236 9724 8932 1990 5987 5453 9138
66 7418 3902 9751 5117 1217 2166 6225 3315 9087 9412 9993 5998 3290 1933 2092 7308 7150 5306 6176 5839 1452 6483 7924 5114 2060 6075 7510 9779 4372 5605 4686 3967 8524 2277 1513 5743 4013 3864 8408 114 11 5765 7512 2732 7074 3727 9069 9065 7094 3015 7164 3710 3355 5285 4380 2616 3467 2400 4962 2249 3829 7270 5562 9481 582 4901
10 7643 6410 9754 3898 5680 4165 5783 3836 7572 6731
54 7678 1788 7132 7031 810 1037 4650 3866 6620 4926 5456 9376 1668 2763 1168 8459 3690 4464 7716 8735 1384 3924 3230 9479 8998 8157 8252 4613 7073 5300 8045 857 5819 4664 2618 2533 5536 1937 6901 5430 1010 2716 9987 3758 3645 8640 7123 119 1665 126 1627 6216 7492 6491
17 7833 2414 8934 4238 7773 1373 2346 7526 3619 9892 3420 4672 5760 4025 7869 789 5355
64 7851 9601 7175 8835 8983 7395 7402 6857 665 4769 3560 2769 5368 7059 907 5411 3879 6429 7884 6484 6996 5027 8279 9763 5727 6426 8597 9421 4421 2283 4113 2485 7881 5252 3419 3615 244 2362 3714 6394 7582 272 165 3365 8340 797 1077 9101 3447 3838 5599 4993 9291 2962 7119 8803 616 9134 2942 2828 8830 3583 6320 2829
77 8033 9097 1760 2609 1414 964 2242 5875 2853 3037 4247 8700 6572 7745 4900 6824 9921 2629 5869 345 8509 1744 3393 4748 8915 5135 1667 700 4332 7053 4280 1456 4328 183 8707 505 5001 3596 5672 1710 1806 3638 7041 97 4806 742 2676 1902 129 162 9298 9313 6089 520 4624 4485 7139 1017 442 714 5946 2393 7100 2703 3906 4695 3668 9765 637 8986 8290 1345 8360 3913 5227 1793 2288
41 8103 5756 9959 3801 920 214 5505 2256 3639 8425 9046 9405 5212 801 2402 9611 4439 4991 1296 3000 827 4233 2628 4220 5762 5902 6116 6290 1107 5025 1912 5932 2905 4267 6619 3478 6631 1716 7289 5391 3014
8 8172 3155 6796 3361 1768 8906 4455 9123
2 8450 4661
34 8544 6845 929 3471 2205 9522 5115 3172 9079 9120 1241 5258 8318 3986 7352 6224 8106 5803 2389 115 5913 3488 2019 6809 805 8334 3034 1146 6156 9712 9424 4819 2034 6607
20 8725 1587 6463 2599 659 8935 7617 6360 8218 65 2041 1891 3474 2556 4254 5284 6133 5644 4789 973
13 8854 9382 6351 2906 8237 1264 5990 6304 1282 2429 1542 4015 5700
9 8980 6423 4260 6168 7929 5377 4917 3126 2186
18 9053 8595 8372 7475 7744 6178 3136 430 1467 9217 1135 3942 9024 7012 6846 5943 9232 5409
8 9058 4611 4759 5233 2198 2847 8730 6720
68 9141 5832 4804 6265 5597 5192 9090 3298 644 4284 3839 5834 954 8512 5451 6114 3269 3585 3382 1963 7099 6403 5056 4738 5628 6288 1338 2420 3539 5853 5335 454 6219 867 3658 4920 7269 317 284 2363 6465 6241 5234 2796 25 754 1957 6325 262 8110 4973 9476 6972 6008 2904 7951 8582 9463 6755 3719 9161 4956 3540 6561 2565 2494 2497 1445
25 9145 5500 5703 4671 3716 4082 7668 9831 5796 1750 8848 5168 6584 8123 9482 7275 7068 6997 1163 4212 2923 609 55 8722 7620
32 9151 8709 4801 8073 7689 7543 5999 7484 7761 7727 7032 6318 4720 1182 5292 123 1915 4456 9045 5849 9687 6881 9293 5375 6776 6524 7322 2215 2267 5044 7460 4188
36 9351 7633 9360 9136 5241 1348 6595 2557 8566 598 9459 9128 2145 3050 1239 9937 4636 3118 7203 7661 8764 7673 2200 1611 1654 4596 7189 5617 8199 4837 8525 8795 6896 6131 4216 1528
5 9581 4852 9677 5018 5428
14 9670 4398 6374 2767 3391 1715 9874 555 682 8974 9737 1039 5687 2909
58 9738 1380 5423 3347 5797 1681 9854 4055 5763 4997 4262 6800 1622 1395 4565 5661 2720 7459 8661 7388 2743 213 57 4157 5767 6147 3853 982 5646 5924 633 6384 8809 2347 5339 6733 5872 1966 2566 632 7360 9686 2926 4927 517 2478 6002 1705 3959 1428 172 9023 6068 9927 6762 6217 283 6179
3 9822 3440 8227
27 9832 7914 4006 273 9190 1210 9974 1515 785 4309 232 2359 1243 1593 5596 3170 7369 2158 3430 7592 5911 3724 3777 219 431 5045 1242
39 9861 4071 666 9540 4323 319 9394 6866 9571 9078 8478 6274 3195 4348 8441 5278 4263 4559 9260 4163 3313 3546 6586 6707 1460 2948 2780 4667 2998 5200 3981 6908 1188 7043 7696 2171 7557 5477 713
5 9475 5939 5608 8714 3757
64 7277 3363 1425 7380 1186 2916 1205 2472 9121 8968 7117 3486 1258 8911 689 2064 4630 8182 7114 3461 7859 6072 4373 8031 8982 2631 3837 1537 1161 6963 985 6689 5150 8156 8304 1426 1101 4301 279 8580 2081 9663 6831 9245 6805 7736 7092 8075 4403 9789 6501 6139 6289 8770 3848 8527 6324 9524 9253 7923 1958 641 3993 891
6 9392 9129 931 5308 8506 8235
18 45 7120 7638 8778 3951 4957 9526 8153 6183 1630 7983 1747 4696 8536 331 5817 680 863
1 156
58 2995 5052 3091 5348 2770 4356 7296 8646 1725 9451 4889 468 1007 7671 3648 7955 332 2725 8214 6287 9862 8296 6460 6814 5818 9187 8145 1920 5290 2842 2314 2682 6873 5067 3401 4258 96 4424 4207 1383 6180 6617 7994 1156 4704 444 7141 8107 8198 6777 9396 748 3140 433 1699 2575 9146 5785
48 3187 719 7324 395 862 8717 2399 6459 3028 1142 1517 7271 369 5378 2466 9323 2695 5040 9419 5567 884 6387 744 8571 9162 3852 8300 535 5139 5103 2449 260 1510 8380 28 2958 8570 7444 8069 5663 7263 9605 9879 2987 2865 7486 8742 8088
4 3216 4122 9251 4803
9 4052 1577 3832 8740 3324 9752 9733 6567 1671
43 4935 2805 5136 9907 9096 6436 8322 2525 8528 1370 9153 363 5397 9917 5064 4882 7195 9332 7076 8892 8821 5347 3456 3246 3622 1091 2944 9010 5265 8916 4699 8574 2850 5002 824 1268 2016 2936 8265 8096 1596 3634 4644
21 8598 7704 6931 5069 7421 477 4458 6718 7147 7679 35 2057 6500 8790 4566 311 5749 8330 995 8989 6082
2 681 1472
6 4189 3236 4980 9179 2685 3795
35 102 9243 4716 5448 504 3755 6693 2705 4835 6605 6031 2471 9210 7987 6661 5575 2991 4850 4959 4531 6761 8845 4571 3547 5725 4995 6495 9613 4913 6865 7165 6942 1651 3386 7162
47 6428 5324 3972 1924 417 6475 130 4311 422 676 1422 3620 8076 8812 8876 8262 7105 4785 1317 313 2083 6263 2547 7767 4153 7863 4028 9334 153 2982 7587 8223 3897 6451 2206 5790 6758 9021 2070 812 9768 7063 7215 9154 7502 9212 592
56 7849 8399 6382 6275 5151 6283 6278 2036 6767 8046 5058 489 2868 402 9753 1174 7356 8040 7812 3813 1899 7131 1825 2946 2148 8659 1126 9655 3303 9458 406 5994 2981 9299 4351 3344 2326 6698 7196 2226 1511 5447 5013 3376 9981 5422 6965 1581 2453 6417 4653 4357 967 6270 122 7796
26 5835 3860 3209 9942 1021 8513 7524 6713 8567 77 3717 7478 5787 1288 4683 1270 2814 7921 8583 8412 5779 2668 2007 9882 9799 5211
5 5482 7901 7641 9741 3399
5 9106 4634 3171 3179 8083
2 8044 4616
41 7138 2801 9391 7488 2301 4137 1340 7915 7541 2027 1064 5866 707 9377 349 1669 2694 7376 3948 5158 3098 8058 6784 7521 20 1404 573 8376 9894 9320 5471 2306 120 1739 8548 4135 4685 6806 3570 7021 7326
22 6570 9568 3051 6978 4545 3156 6160 1304 5403 3989 4652 8944 4579 1256 8573 7122 1867 5291 1919 5689 9628 4295
38 4467 7183 6102 4200 5148 9926 6662 7904 1514 3725 5518 5992 9536 942 732 3135 197 6251 44 8247 6818 9642 1361 2706 2501 8416 3962 7837 6094 4866 3868 1484 3857 5410 7775 4821 9255 519
3 9413 7760 2996
20 3491 5417 7157 3629 5782 6749 1914 4829 3152 6696 751 9595 5956 2741 6134 131 8529 4750 955 7438
27 6430 6888 928 4870 8003 7449 7020 8511 2260 3228 5440 5533 4374 7939 2656 6954 1742 8824 116 7949 5894 5691 3695 1761 918 628 5504
41 9168 6392 4433 4338 9470 2482 1410 4279 6922 2746 4408 6242 5318 1165 5912 9467 2644 6522 1299 3192 5887 6473 2281 1871 619 4864 4691 6697 3637 2030 9545 3194 4687 6608 4102 2621 2579 1501 5243 459 7977
20 6229 7148 9646 3987 2003 7944 7054 6309 8792 4352 1607 8771 8151 6240 2879 9431 4418 9343 5666 969
41 9159 3233 7432 9750 4906 5620 3564 8863 8102 3572 8456 3823 9652 6771 2597 6751 1277 2896 3527 1209 3614 1981 3940 2510 9563 3457 2907 8918 3840 5960 8744 7764 2349 9829 6269 7294 4037 503 4625 819 647
2 2870 5106
13 3873 445 1415 994 8920 3480 6979 5748 5611 1280 4425 6665 4294
31 4065 7060 3950 3582 3992 6504 5705 7621 208 3443 5619 8201 9885 7455 4542 257 2286 2590 6918 9529 9654 545 223 334 7990 5198 428 858 7171 2527 6282
25 3636 2795 6214 7448 7871 3383 5942 3781 7982 6953 6104 8158 5688 1640 478 3371 5733 3822 1087 7241 3077 4863 6468 4939 3032
44 2584 8193 2323 571 6868 7149 2258 6341 6738 6538 6562 6553 9798 4110 8603 3774 7419 1226 9173 1329 9664 2887 7958 7560 5395 6115 259 3317 3390 2645 2082 3828 2683 7236 4482 1073 3184 3327 2307 4202 424 4086 5431 913
8 4182 5465 7229 4057 9747 9223 7347 9795
37 577 2652 3756 9233 9118 9448 539 4448 1530 9673 2949 7615 3458 5737 2979 2714 2341 5295 3319 8702 9070 7975 4787 1471 976 1729 3012 5087 6333 8397 1476 6047 3294 7665 8287 3699 5558
9 9371 2378 5537 7922 3682 9735 1398 8613 3291
25 3831 4805 6995 7144 1740 4903 1592 3090 5433 2136 2536 1167 5053 1882 8042 204 8289 9178 2654 878 2735 1724 5983 3055 384
1 4891
5 4768 671 3496 9393 3341
19 8078 2000 3027 8919 8901 533 917 3389 9681 9325 1469 9011 6913 6243 9682 2438 9972 6254 1628
19 1717 9340 3827 9627 4910 8765 5086 8884 6255 3703 7190 8988 5541 9156 3880 6967 3245 6604 4846
5 9191 6250 1100 9150 3323
30 7653 7030 7286 2106 2018 3783 8569 2096 2608 4621 6393 2021 6215 2266 1730 3100 9994 3167 3675 7835 6097 1545 2802 4062 3277 4945 4657 6927 5169 322
5 3922 7115 3772 7611 3501
20 8858 6980 8977 2524 4067 5156 6871 5997 4909 9286 3410 4249 3177 7769 4005 4867 6985 6534 9034 1518
15 9888 1554 837 4018 8500 704 6299 3335 2450 9461 9495 1306 4341 1098 9851
41 5254 3681 1807 1066 3339 5675 4717 6938 923 4911 3549 7634 8856 3178 4208 4781 1569 8806 1162 9623 8716 3995 3163 9022 8606 9865 6408 1474 439 9863 8077 6303 1655 5618 1916 4516 2532 5361 2561 9941 3818
18 8141 9546 2774 975 4734 3934 9848 7660 2960 597 5028 7462 392 9873 1235 5674 6441 2436
27 8786 9054 5934 4773 7358 7458 3476 8438 6748 5333 4144 1448 6125 3346 1095 6622 7691 4673 4577 2511 1301 833 7815 3330 4130 4223 3392
55 586 9957 7330 3508 1082 7610 4782 3925 7039 4383 3631 3131 8448 4379 7072 683 8482 2235 3806 2165 1838 2617 8997 8301 725 9638 5145 7113 7818 8965 5657 7754 7868 5402 6688 1947 3196 8782 2514 2571 5685 390 3289 3074 2467 6371 7934 9349 5418 362 5240 2661 8314 5486 722
32 7576 2182 993 3503 9166 8971 1140 9678 5525 3847 2622 4975 8679 6994 7561 8460 5105 9819 5286 5609 9383 8353 9786 3826 6235 7066 5007 2406 1864 6804 7234 3232
22 8424 5030 688 5613 3119 5196 2094 9542 5950 9041 8880 7214 1369 5774 2075 8945 5551 7805 1212 977 3504 3952
31 7883 5967 328 8166 5112 5693 8381 7375 4547 2833 387 6878 8007 8814 522 4371 639 8148 2348 9609 5540 6048 2287 4340 2475 1173 193 381 1495 4118 1781
1 8220
52 1574 9175 4825 3685 8686 3321 1847 6406 5330 6892 2800 6433 264 3674 5519 8732 7126 5982 449 8370 5880 1225 2945 4094 2447 2492 1931 646 1591 1006 2997 1901 5288 5338 8452 8704 5283 8091 3206 5576 6109 3483 1061 5719 809 485 1815 3661 509 6929 9778 5548
24 3590 7742 9675 4758 2039 4521 4289 5012 2457 2513 9771 4011 2845 5006 5786 2077 8578 3137 4335 4112 1221 8175 418 5643
1 2265
21 3511 1764 8440 275 5077 8781 9227 3903 9504 8239 80 3556 3489 927 6547 943 5343 1971 3481 6037 1423
14 8946 8256 2680 9853 2937 7629 7390 3254 6860 7743 5238 3336 8499 6574
17 4466 9758 179 6571 5194 9656 136 3497 7827 8014 6636 2160 8388 5225 4733 9342 3369
13 9180 6770 6687 1734 4951 7992 6520 5210 4495 5683 745 4394 996
21 1999 8327 3518 7295 873 2049 9629 5 5610 7022 4302 4307 3917 8791 1245 6389 2950 8581 2917 8909 9478
1 9014
25 2209 5973 128 5794 2350 8865 9238 5742 117 8423 1485 9044 8687 8874 4413 7152 9579 427 6988 556 2123 6732 7187 1363 9604
34 7426 5682 7538 1904 36 6186 7693 4432 6872 7401 4272 3105 3362 8131 6033 9964 2116 2610 3721 5137 6882 6719 600 8426 133 1905 6006 1171 4761 5842 3437 254 9757 1616
12 6507 4259 2365 6046 2933 9864 1222 6409 2738 5603 7942 8917
8 3709 1204 9315 7392 1767 6550 8680 5235
5 5014 4830 7728 610 740
36 820 5595 8386 6445 9902 4851 3920 758 2581 938 407 2216 2432 7206 4470 8217 4645 7231 5340 4299 524 1291 9901 3372 9807 3738 1332 1945 5203 6067 1922 7250 3673 1953 7301 50
77 4078 7006 9157 1038 5583 4757 68 4944 5908 487 874 4480 1560 1049 5968 5658 8693 9761 4181 4252 1093 6105 771 8365 150 7675 9107 3604 252 9297 4496 3928 299 7813 2321 5385 1955 2022 5708 6505 9429 9532 6558 4206 3843 7954 2317 4324 4209 8853 5776 2025 18 2953 3438 6293 121 105 7121 5110 9679 9912 940 8776 2911 4590 5543 5928 1727 953 1875 2099 561 9015 3529 900 6632
11 1826 4392 9037 2330 6766 1674 4730 3479 9055 1917 7441
63 3766 8472 3856 1365 9308 9270 7651 1096 5904 9815 7672 7531 4375 741 9651 2859 6486 1661 4090 58 5015 947 1094 5346 8621 4177 3677 9519 364 160 4283 8635 9859 3165 6917 5305 1857 1811 4999 3841 6076 6022 4061 4196 8146 7542 47 6573 396 9474 2959 2291 8743 8037 1559 6810 518 5988 6121 7348 7722 1648 6090
20 78 7496 7529 3914 8130 4442 4151 1178 9375 1419 3494 1000 3407 9502 6454 3454 5497 7340 9833 2014
26 6950 8299 8961 7235 5555 4751 2604 4001 5499 6816 630 3326 5010 1302 888 2435 8036 1028 4229 2175 7533 1367 7936 9932 3708 7010
47 4141 2874 910 3268 1465 627 2147 4834 7870 2375 3225 7359 4231 7866 4550 8488 7338 2679 7316 5084 4194 2179 5146 2892 1118 7062 5055 4684 4431 2062 1723 9703 9871 1214 9074 3208 3157 634 9112 1316 4811 6377 8165 4841 4561 7261 3083
68 3123 1590 5516 5310 7950 5592 9092 4266 6510 5281 2408 5854 2686 4617 5048 5152 1636 8787 3692 9616 2888 494 3971 4059 8843 7591 325 536 7578 7428 4742 72 9518 7956 3751 3789 4982 6095 6297 9775 1041 8738 4537 1687 9945 3542 6911 1337 8788 3998 4008 9878 344 9001 7166 7741 3168 6435 6633 7903 869 946 8887 2217 5320 3810 2084 6091
39 654 9814 7464 6446 3520 8249 8518 8519 226 1623 2246 7133 6827 9597 4826 4405 2458 1561 1984 6880 6259 3750 3358 2356 9722 9608 5341 8902 8818 1930 7052 4369 2927 7457 7125 2976 7807 2367 6479
9 4974 5552 9635 2152 7886 7260 7756 6413 9577
48 9925 625 3169 534 2785 34 5857 3573 1322 6369 4524 926 848 4264 6515 5523 9317 4792 5384 2055 5314 5413 9089 8302 2884 1375 1454 3141 9582 4459 9705 6704 3173 2105 574 7435 2371 9573 7470 2969 5029 2213 6898 2952 6537 9527 7688 1199
24 7674 7313 7516 9378 1429 404 5293 8593 1680 4647 1290 5514 9760 5304 5584 7423 5124 8437 9855 7429 4376 8538 9464 339
46 4523 2479 9076 462 2358 4286 6966 2138 9794 1840 7898 1376 6009 9896 463 8161 1844 2816 2605 6071 346 8101 6158 7339 1318 3374 7228 2638 9667 8043 486 8081 4702 6203 4274 937 5432 6404 2456 8216 7978 5470 2157 4690 1637 2423
22 3387 804 8530 8277 706 8266 1913 8760 4921 7802 9051 4316 1003 1319 403 3360 6780 7346 337 8135 1409 6692
8 2417 3929 8234 3702 3671 3623 8697 4739
66 7584 4794 330 5966 498 1779 1407 1014 6402 8711 5166 8756 9599 760 3203 1194 9182 2499 4874 1354 194 2961 2832 7564 8200 52 7081 887 8900 2113 8420 5722 9265 3862 8209 6852 5710 8428 5437 298 7055 6774 2553 8308 808 3081 8535 6356 621 8164 6012 1015 7246 3404 8070 5591 7965 2594 9403 7422 4605 9404 7555 7947 3143 4361
17 5777 3968 8875 6474 9130 6973 8445 5868 4628 791 2101 1994 1138 7910 320 2637 9198
20 1641 8404 90 8273 4123 8936 2051 9067 4178 6914 5327 7213 3490 2539 9372 7056 4985 3923 6182 8384
48 9189 8152 8432 9484 678 7249 3186 2221 8991 9537 4093 4703 7061 3669 7379 6286 5163 530 8642 670 1219 2955 5879 3565 1749 1349 6877 5957 5272 2702 1652 4498 2164 8868 8674 4508 2180 7391 9113 3697 1136 9544 4594 1185 233 1508 5707 6148
4 602 3210 4878 9820
63 7995 724 5041 4543 6765 5914 8035 5438 1972 9287 7682 2500 8886 844 7130 3271 6594 6726 6146 5394 4522 8757 3602 4070 8684 3162 5927 7373 9897 1335 9711 935 7 3509 1251 1381 3591 9305 9176 6801 5088 7465 8789 312 9004 4468 8802 3510 6077 8672 9170 2095 5795 4271 843 2712 1629 3041 103 2441 8479 5033 1154
68 3875 1035 8634 4795 5637 134 3651 8463 4251 3465 6750 3234 2318 5900 7847 360 9368 38 9247 7355 292 1034 1044 8352 9081 7025 3502 7588 568 1401 5075 6591 7725 9931 8612 8064 6700 9086 8881 5452 2443 5319 8622 7857 1479 1108 1995 4287 1254 1281 892 717 2749 205 617 624 4872 9003 8105 2925 1697 1533 6189 4585 2386 8683 6647 8670
44 1572 94 6152 9589 8027 61 3921 3455 5066 5949 3049 8462 62 8109 2671 6706 2237 4488 7909 1567 3650 6079 4310 8480 912 307 1246 7632 5616 1164 488 1026 9164 2444 3024 2031 9388 1313 6974 7655 3021 1298 2480 694
34 9282 7545 8366 4568 336 5726 6292 3242 675 3272 6267 5916 7598 6686 3513 3182 6874 9240 3654 3215 8283 2187 9564 775 5037 414 7585 6124 2886 7848 2988 1903 8898 697
79 934 726 8927 4660 26 7724 9804 3735 9636 3367 2747 2752 4156 2873 8937 1236 4530 606 8050 9989 8564 7349 572 7751 5784 2433 8645 8914 5159 5802 9252 7184 8713 9050 8051 6851 1977 1047 4244 8333 3790 8116 5498 3007 8444 7684 4016 5920 1043 7098 9026 9105 7627 8664 9843 7302 7501 7490 735 2250 3450 6717 8994 7411 7280 6169 3451 4954 340 6161 5621 5257 8298 8240 1946 2528 7996 1868 3116
40 746 7394 7335 3659 9228 8826 4601 3199 6945 5122 178 5606 1451 4414 5270 4072 4815 6350 3535 4693 2407 613 5640 4706 4162 7040 370 2639 342 6193 3475 4725 7170 4528 8280 3200 9649 8065 3002 3521
32 1965 8877 715 2924 3670 3606 8008 2255 6813 6456 9249 2606 3543 6915 4160 7962 838 4368 9390 9453 6904 5577 7853 5746 7888 4549 1918 335 2411 1346 2087 241
19 9111 7569 6258 2244 6030 3150 1267 5829 8910 2775 515 9319 5143 5364 7182 2190 5221 296 6355
8 8551 4481 8431 6000 593 9590 2519 8992
25 9155 3075 7216 9791 528 256 416 1746 7980 408 3731 2468 4483 6329 3229 59 3743 1861 1889 8815 9466 2465 9068 9471 247
1 5062
46 8097 6715 8325 7091 7071 9689 8191 7400 1988 4100 9509 4056 6958 7357 4604 4499 8138 8800 853 9269 5469 1334 5979 6458 9335 5571 6317 7618 1786 1834 7477 652 8637 2275 1115 5032 8272 9869 8270 7004 4775 825 8167 5561 3048 1766
1 6424
22 1386 6891 8608 3337 3342 2733 5321 9373 7145 9748 9505 3072 1678 6332 5365 4526 3530 511 2155 6596 849 5723
47 1753 6003 3350 2396 5668 2239 4050 3442 1631 2352 309 8766 1283 4567 9856 147 2642 6643 1151 5759 5506 2674 8534 2292 2692 2309 4164 3552 3293 6110 4812 355 5043 3621 6964 1563 6839 2208 4441 1757 9386 8048 9234 8181 8748 4849 506
6 4322 7721 9027 4943 5947 623
2 8315 8694
48 558 6330 1539 8108 4553 9242 6826 6703 1342 3871 7489 8553 1253 6162 9658 2919 9203 4929 1872 3262 8224 8067 5509 8253 4168 258 6585 8248 4180 8066 4602 1936 8807 3646 2560 1453 2151 5214 3525 66 95 7763 6539 2315 1536 9119 7626 2740
4 6669 8561 2640 7599
16 8099 8957 9080 3308 7817 8941 3030 3279 1150 7537 3918 2134 5392 3006 3517 8636
37 7828 1377 1359 5388 2297 5296 3882 8154 1609 8458 5369 7038 6795 9254 3144 4201 5175 353 2826 7377 9497 5768 2017 4132 3011 8137 7298 1170 8762 7310 30 6438 388 4737 2798 8867 5755
49 2993 9970 2891 3286 3431 4127 310 5249 1085 1303 7846 7104 7290 6044 4288 965 1726 8348 9877 2251 611 8059 8785 9062 3270 4968 6080 9225 5735 963 3977 9063 7480 149 2427 4416 6201 251 1762 5809 9064 5650 5491 1079 6029 2380 2431 3106 2585
17 2452 6482 479 8675 2369 1535 9196 3978 8759 2821 5531 3814 2445 716 3884 6249 3824
18 9215 4574 1512 5528 5564 5113 7109 663 304 6123 3292 6464 3332 236 7878 6036 3040 6747
4 3256 7494 5209 9075
17 7822 1387 8017 7309 2715 3855 1278 3612 9648 8793 7405 6328 1519 9683 9295 2327 7353
16 7609 9826 7011 9940 1670 1860 4217 7481 4046 9356 1238 7513 4472 2331 7278 6744
71 6638 3104 2954 5903 8701 8072 3267 7408 2673 8442 9235 1932 3984 9324 5862 1121 358 3784 7304 620 7522 5096 8889 5420 2986 2857 2184 2044 3134 92 4092 8390 4919 8639 4713 9824 3003 7112 3054 7692 1830 5373 6611 9876 9598 6111 8242 7829 8034 1213 7476 1625 5980 7285 2592 6682 7398 1940 3052 1343 7057 1703 7034 4810 8079 6101 4912 5316 9569 3586 9620
43 1817 7173 2777 9685 6493 1275 9385 6407 3139 4573 1659 4587 2167 4076 8746 3541 9565 7467 5157 7840 3299 1836 980 3944 4633 7167 9547 7656 3684 3211 4080 3939 4700 1169 5806 6512 5825 6962 4752 1941 5038 7003 3776
15 3145 9785 7279 7151 7442 5315 4185 7748 266 2846 9289 230 2176 9093 8602
67 2672 6155 1772 2304 4034 4710 6790 2914 6434 2699 6581 7989 9278 6471 7612 7739 3175 7831 4669 2006 1598 1054 1488 4614 6653 5076 8029 7999 4609 8626 599 3244 3252 5034 176 5625 3296 6568 7571 4154 6122 1617 9318 1497 6583 4319 441 1686 1685 9020 6832 4798 5459 6136 6783 2834 5526 8305 5667 4461 936 3633 6564 845 2791 2611 9895
84 2636 3505 6001 8654 4088 4560 1776 9268 4195 3536 2394 1588 8012 8111 1440 9762 1707 87 9327 3500 1477 111 3320 110 4158 6256 5490 2509 8652 4856 9281 2426 3507 7082 7312 3368 6010 6701 5367 6684 6129 1314 580 9381 1494 9796 3514 1894 5775 4146 4434 9726 6527 1823 8303 9401 9944 3900 2787 9271 4932 890 5328 3221 2619 4012 5445 8542 978 1576 8749 7332 2866 8409 2523 3796 378 4947 4890 7729 9971 870 8768 5877
22 9742 6509 3278 2573 5542 9915 5744 8368 1521 2591 9898 2410 4478 9133 1420 4953 8600 3874 8354 7657 2476 6420
36 8407 7855 3643 4937 9420 7336 546 2522 3191 9875 9783 8 5923 4854 3749 5626 1722 7293 708 9433 7799 3996 9523 6887 5764 4646 4666 8846 7106 2308 852 1071 2189 8891 8784 4714
3 601 8159 3817
31 9872 8820 7703 6084 5770 5488 564 1695 3686 9434 4423 9160 1406 8842 5909 5962 2204 5718 8490 5356 6540 4756 8671 5778 549 7325 3097 2035 7548 3413 1208
3 3877 6151 5545
13 1938 4599 3464 3893 6508 6253 6757 4420 2114 210 7893 367 4727
80 8090 4796 5740 6379 5478 393 3667 216 9184 93 2313 1821 4117 261 2303 9976 648 872 3453 6449 8558 8899 9300 2852 1144 6143 9672 1507 9800 7276 1070 8095 1416 2872 5978 6223 999 9040 9387 4438 9525 471 5464 2174 1336 8491 5246 8291 8973 875 9341 1987 4563 8342 1570 7389 4463 10 9977 6659 948 5521 2667 9143 8979 6447 7930 575 3328 6266 6496 836 3403 2956 8964 2623 202 7471 2504 3595
12 5370 816 2698 2583 5049 9257 5213 8794 5297 5659 6138 1708
47 8546 8727 3300 3205 9585 5424 4950 1127 5439 1603 5843 9720 8623 5279 2502 6976 2897 1244 781 5024 8332 6721 3807 3568 7077 1771 2540 8422 7044 8362 4883 9586 9422 3664 6442 7852 8585 8774 3381 6264 6390 1778 4747 4978 419 8629 3082
5 5354 1062 3693 6673 1105
26 3265 8434 5721 6635 6078 9734 263 9587 588 9017 5931 4187 2272 9946 4770 562 1775 959 4029 6196 5172 1827 7892 9205 783 8852
11 5955 482 3128 554 6819 7979 6970 3259 1053 9700 960
40 9328 8447 8543 7397 3460 1192 7636 3044 9158 2589 7860 7509 5761 3700 5833 1968 585 8871 1866 6837 5695 5827 86 7758 3740 8487 2895 5372 7926 6737 4881 966 7841 7806 7153 1397 5836 7820 6511 2107
1 8644
17 4049 9884 5171 3953 2253 4053 5671 1639 1203 4858 43 4069 4969 8897 8819 9782 9607
75 3562 9817 3907 4126 1562 7087 8410 3001 2771 174 3281 243 794 4017 1777 7916 4174 2989 3388 6268 9973 3742 532 7776 9793 2120 67 778 6213 9222 2316 9311 799 855 1147 4603 5427 5720 4417 6414 7233 4317 7075 4139 6362 2219 9276 618 211 7932 398 5331 3125 3056 1058 1190 3433 5636 5444 5099 5047 9171 1992 4225 2366 2222 1475 2159 9259 8951 7895 7687 2856 9364 880
26 3611 5247 7230 8049 434 1558 7579 7762 9693 8403 4513 1356 3809 3787 6401 7303 2377 146 5358 9036 4362 661 1527 3713 4741 4721
62 8724 8870 5529 5462 1036 1442 5461 7026 3763 9702 7367 2144 1604 1794 1300 2838 8389 4938 2624 3683 8912 7491 9091 2837 7945 5414 1072 5449 4427 7452 5190 8962 1297 1974 5039 2778 5408 2046 5615 7713 8219 5386 547 516 6932 638 6503 6532 5586 8596 5280 145 2789 7772 5178 3038 6830 6969 4063 3375 75 2103
27 9284 6391 9450 3084 5232 983 4510 7595 3729 181 4984 2093 7050 5276 4437 1385 2487 2915 5698 5789 3957 9847 2901 5681 8114 6164 4131
31 9594 596 5557 3551 188 5149 4994 8026 702 9975 8828 4880 9554 4931 8650 7363 1719 99 1068 6545 7515 9214 1272 7789 8011 6513 4257 8816 124 6405 5921
51 6791 3632 8952 1491 747 6284 6188 2373 5793 7209 5412 1166 2474 4988 9952 6849 1698 5441 1321 6174 4343 8015 2056 5581 9923 4276 7265 7033 9823 981 6930 514 6714 2972 64 803 9061 8772 752 2434 7287 8192 9924 2559 4367 730 7192 6867 240 8895 501
19 5524 9810 6170 4106 5487 5248 7834 1632 5419 2899 1910 1741 7943 2112 1748 5697 8767 2641 5858
6 4469 7639 2090 9520 5520 215
39 5160 9115 1441 2053 8417 3804 6069 3280 4564 7811 5963 2076 510 8752 1261 777 9950 1718 4783 6040 5009 4320 2721 7517 2264 4615 1393 8987 9030 5256 8225 1550 5513 3305 6639 3285 1773 1911 5255
37 9194 9236 6623 9967 6177 6313 4250 8663 6481 7607 6262 971 4486 7110 6057 8620 1944 9172 3821 5253 902 3678 8476 3532 1693 4520 8689 1189 4064 1799 4344 7554 567 2121 7247 2577 2790
10 6021 4632 548 182 3579 5865 3302 5472 170 3762
66 3384 5467 9850 6294 1751 7648 1862 7719 5125 8285 7896 2409 383 5496 1081 5822 2689 7765 7664 4888 4040 4124 5311 4844 6582 911 2124 9906 4179 4402 189 3730 8963 8212 668 6645 7434 2196 29 9013 6694 5184 4265 7101 9508 2454 692 3112 2269 9713 7616 2203 6533 9398 6397 8978 2985 4540 4256 6955 2809 7718 6656 9837 3748 63
8 1187 4949 9104 9756 271 6554 1677 1487
8 8453 9984 9619 4079 5969 9354 470 2451
18 2191 3181 1424 3322 6363 6936 9016 5061 7469 9610 7567 6848 9602 5589 4965 8470 1177 2518
55 1466 6497 3005 1675 3941 8124 2549 48 6439 1819 3343 2753 4232 9674 756 3960 4557 6712 4847 9706 1565 2941 9237 9965 8705 2361 7255 4041 1814 2764 6899 5624 2072 6260 6086 8520 5527 5813 1227 8516 4346 9828 1601 3148 4827 1638 7362 1503 2804 447 7774 3642 5208 5107 7264
4 9561 1893 4390 8799
52 9440 5005 9263 6912 443 1969 2677 3722 6551 1344 6099 2337 2238 1149 4083 3780 4003 974 3176 6344 2646 6666 1852 5578 1092 8859 1548 8497 2419 4043 3253 5389 1578 5357 5554 4860 1656 5572 8839 3732 5362 9028 3964 401 410 8557 6477 1232 3578 8633 2437 3910
11 7613 7251 108 69 1614 2384 5534 653 2930 3954 2815
78 8698 4397 9139 7177 7180 5229 8477 5142 4489 1215 3892 6354 8976 7873 2825 9370 6206 4511 6298 6060 1294 3061 3446 3477 9290 274 5026 2312 5199 9659 1906 7217 2333 9709 7064 6120 5463 2723 2259 6020 1400 7550 3282 3736 2486 7266 3561 723 9369 8427 6986 8763 316 9903 8811 9572 2376 6431 4450 9805 7791 6013 6159 4532 9774 7900 9452 2059 1327 282 7424 4791 9555 2296 3444 6546 3876 7887
47 8579 7781 6683 8699 9553 7181 7425 1702 4389 8233 7832 4894 246 3029 4778 9746 8656 6019 1078 4245 988 3593 6370 3861 2503 9306 3947 2978 7354 3352 4593 9633 9353 1396 2718 1975 12 3057 3653 5507 8317 2481 7850 2620 6598 7917 4329
54 6227 1595 3720 8956 5080 5219 4382 1046 861 2730 512 4776 9552 693 3896 6998 5971 3250 6565 2708 5187 6850 772 9473 6875 657 6064 6514 7193 8136 3739 7169 9849 5011 1731 5180 828 4255 5677 8823 2691 8736 1509 1634 3120 587 3931 6883 7174 9643 2719 4014 7534 4915
73 9960 2550 6879 5298 2343 8074 9499 2538 7374 6472 5189 991 7925 8878 3058 1444 4002 1320 8605 8666 3095 1962 3812 4918 1856 9935 3096 7307 9197 4240 2245 9169 9427 5242 7889 9776 481 7079 7635 3031 2598 19 1649 7372 8473 7535 3966 3223 1153 2588 1506 1500 7128 7734 2197 9978 5996 3946 651 7154 8708 196 480 2329 4384 451 1323 8589 9918 655 4364 3107 9346
45 1143 1956 5975 576 400 5121 1516 4990 9852 14 7836 5590 6807 3805 5573 1950 9528 1743 4572 3261 8230 4786 1733 3428 7780 7685 2688 3115 7565 7085 9132 8508 4729 8484 9438 8374 7997 4832 2968 7568 4635 98 1993 4539 6588
3 6956 5129 2037
19 1599 9773 6277 1676 893 3398 8122 3794 5366 6609 2928 300 8413 1172 7007 709 9135 9414 1418
25 8085 3775 8831 6244 9406 6212 6470 6944 8013 7036 2100 7753 6862 2808 8967 1880 2370 527 3121 9739 4215 6386 6811 7118 7005
38 2766 8286 3260 16 6815 1961 4655 2137 4724 8377 7142 5510 6018 5874 2724 8038 4161 1308 6741 8560 3888 9430 9283 1832 6521 645 7437 3013 8133 9653 4191 2839 6058 3737 631 6736 6555 3666
78 8184 4447 9267 7993 7045 6740 5704 4363 9035 3484 9908 2178 7766 7830 7443 2416 6352 9845 2967 7258 305 6338 1137 669 2015 4477 8860 1057 8226 7129 5493 5651 5003 6487 8186 7433 2045 4879 2898 8825 9125 9226 5807 7814 5788 8030 1663 6825 3070 6467 3613 3655 699 4426 3154 5381 9948 3066 2751 5515 1594 4360 4337 6222 7858 6305 3601 4735 2345 1295 5736 6960 7885 3334 8180 4875 5065 4171
47 2146 8745 7701 5848 3974 729 8436 2666 3889 2739 2300 1783 6629 6530 2224 386 7248 6315 1789 7093 6900 6789 9230 7825 944 1324 5264 5684 3526 6517 8485 2374 7461 6209 4150 5629 4366 7453 1181 2214 4381 5985 3859 7386 9148 4412 9710
7 2163 9732 8625 5895 7798 8540 4186
27 8607 7988 6902 4395 3647 190 22 9149 550 5023 3608 2943 822 7282 3020 1405 4658 8665 2033 6368 6993 7242 7623 32 7146 4277 5443
24 2830 9933 5696 1863 3811 421 7519 6348 8418 8575 7097 9126 7670 4958 2799 5547 4281 8943 2153 6238 798 5000 7596 1489
14 5147 9954 7580 5133 2243 5322 1435 4732 4401 8222 2643 8734 5282 5352
18 5673 5890 8087 2564 3895 1848 6905 8336 3231 1033 7823 8866 6678 8495 7732 4133 6232 3414
8 5325 405 3533 5228 5446 2744 9784 7527
12 377 4765 9492 4091 3598 7890 4622 5400 6556 3164 1907 7430
37 2381 3492 5532 1285 227 4068 3919 3201 5483 1597 3405 2013 4697 7299 6641 1534 9574 8467 1019 293 351 2729 607 8160 4270 4907 7523 4490 1237 235 3930 5275 426 5633 3663 2088 8750
25 3198 1125 8378 6398 5202 2372 1457 7681 1606 903 3409 3574 583 9624 4648 1845 500 5750 2596 3445 5164 9000 2543 6373 5165
5 9764 5669 3867 8829 7323
49 3288 27 2332 6727 3114 7800 4828 3151 2334 8022 2161 1549 2207 5861 5434 2061 8655 3078 6185 5036 686 8813 2382 2548 1436 8721 3314 2818 5600 782 1249 831 1461 984 7556 3616 9047 1050 4033 5958 8319 1645 6649 7808 8119 7103 1624 8016 9730
25 5801 4066 8080 3640 1983 7361 4221 173 5670 9456 9395 435 6971 6218 9457 4640 3304 7024 6233 1694 4898 7305 1564 997 5083
11 6257 612 9866 5897 6680 8631 6135 6730 8392 2894 6906
6 3240 5772 5274 6300 6236 2001
11 7205 3247 5886 7232 721 3275 4817 4030 9302 1198 8093
25 1030 6488 5837 9202 2028 7407 4047 7645 3434 9072 4147 3834 9309 71 6951 3010 6291 1721 7919 8174 4407 9277 9576 3936 6327
16 2091 9498 7946 3656 288 1909 5031 7752 3149 2169 460 8282 1059 9204 4678 2254
6 5383 6117 9052 4430 7589 6187
27 7794 3534 8204 3744 1575 2401 3411 6746 1689 466 5435 8958 3644 5303 1433 3243 4048 6919 8005 3887 8723 1259 6412 168 3797 8245 7706
23 7179 2086 9494 6411 308 3528 8577 2687 3558 4465 2477 5301 7680 2415 5100 734 5379 3220 2970 2032 1664 3672 3370
39 1573 5475 2418 5345 4099 2459 2526 2293 1608 9477 7880 141 3745 5302 7111 3185 9531 7473 9842 8677 560 6672 7188 8433 7998 6 2115 894 4584 3943 7604 5261 2505 749 2776 796 4981 2881 4698
94 9246 8492 1816 40 2971 4535 5349 9606 4966 5598 8162 6211 7667 3851 221 8293 7891 2762 9943 9939 1411 6559 409 5071 9919 2078 7243 4243 4440 8294 5699 2355 8769 1371 6646 710 9736 5840 8925 9261 4925 1498 4779 6380 3287 112 4800 4843 4740 6466 2806 4654 2684 9749 6127 5179 8098 4972 7504 5494 5623 4203 6536 8229 9603 3990 6316 9108 5792 7498 6579 8929 4326 7306 7717 2964 3800 787 1378 8533 2311 1939 9099 4619 8959 4592 9767 6722 1106 4923 6061 496 2994 7414
1 9038
5 8502 9549 6016 8681 7185
12 4581 846 7096 7329 191 9316 6589 3550 2742 6525 7507 6172
77 6982 1691 5008 9868 1339 2649 4169 9304 1520 968 2135 2965 3396 82 5556 8251 9725 3770 9425 1555 2183 8150 7784 2835 5035 5601 7257 7503 4728 4443 5309 3273 1292 2412 140 6628 5098 5186 8827 508 1075 7826 6987 6004 1696 3617 9938 6194 3726 7933 5085 6273 6602 1978 3559 889 4042 6011 1800 2731 6660 9535 4762 677 6184 4552 4643 1211 6542 9841 1399 9296 4111 4184 7652 9418 9600
38 1492 5022 5079 3997 3103 5396 7328 3603 9780 5404 8755 8832 5405 8507 228 1490 909 6137 8142 125 7344 559 2464 278 4148 6462 7172 7013 6841 9292 2951 8498 7622 4555 2379 6494 9998 840
34 9688 286 7574 8972 4610 3113 8023 2128 7225 608 483 2473 3916 7095 6247 4142 6023 7211 1478 767 3691 9379 2089 7600 5019 9657 7897 9201 1874 2065 6769 9082 7730 4138
1 5326
14 8669 3665 3878 9441 6032 3932 9811 817 9612 5940 952 4009 9708 289
3 2517 9718 8261
14 9445 3628 6245 8594 6119 1876 7089 4518 5859 9410 7747 6480 8194 4576
31 2765 5097 3833 1712 8134 4726 7472 7558 9483 3499 6376 6334 8758 1341 595 7570 5393 2488 5773 3276 5060 9867 2662 763 9432 2515 1234 5961 269 3523 9472
23 5130 8207 6425 1247 7695 4387 2489 425 5570 7597 1427 135 373 8391 6705 3035 933 3310 9116 6378 6948 1128 239
9 8121 8969 5965 7552 2736 8879 1315 7911 6051
72 4501 4303 4797 9460 8615 768 6794 5838 8211 8206 2280 615 1360 5068 8358 1309 3506 7237 225 3094 2811 7809 3759 5450 866 7586 4312 8550 1382 3067 1736 1571 8975 6306 7676 222 9077 3193 285 5123 705 4399 7573 2580 5630 4606 6529 7547 4709 2240 206 8474 712 3712 2784 8104 2392 7666 4039 4681 6248 6838 5812 3588 7508 3354 8514 2957 3188 4712 2659 4964
41 7382 5336 6347 8841 1175 2048 3707 5382 4140 5730 1886 3418 2111 7733 2975 507 4305 759 6792 8537 7447 3973 4886 4987 8086 7797 8430 9402 9449 3133 9496 6281 8905 9167 2336 9813 8690 1546 8955 4105 1728
32 8394 3235 6671 4802 3618 5387 7707 2141 4476 8737 5376 8263 4190 4799 5769 8316 1883 9818 2068 6357 2867 4544 4290 6552 2935 8931 9216 8435 3705 6601 6829 9279
11 436 3698 5116 7699 5207 6869 9920 5078 1084 6949 4731
24 3782 4246 1196 6200 9951 7969 8281 6658 3033 4597 9272 1368 1012 3429 739 7202 7468 4588 5976 8489 7493 8475 8355 6166
39 1568 3845 4629 7723 9721 3318 2569 4096 4183 5201 91 1004 1998 800 2247 8292 7163 7931 1679 1132 8140 6418 6742 998 5652 8688 492 3605 4656 3869 8720 2047 4321 6039 8396 7023 9626 8259 2602
3 8653 626 5889
4 4349 7698 3264 1325
24 280 9695 49 7864 6427 5119 7875 3364 4665 9500 5647 9083 6035 2871 7067 8312 5421 9137 155 6834 6855 8179 5709 7220
50 773 9417 457 2890 8850 9899 8063 1025 3412 375 53 9676 5977 6140 1273 4285 945 7137 1843 9399 2875 7659 5649 372 4155 2483 4038 1790 8306 2844 8695 9900 4479 8981 6637 3092 5918 6028 4548 9094 4586 5635 224 5991 6055 711 8805 3531 6835 4331
28 2607 2202 523 8647 8836 7583 3351 3111 4297 8554 6506 1798 8559 4682 1486 2999 9071 7801 5216 4268 6947 1522 9188 1851 2810 1551 7364 5193
21 4494 9428 7790 2664 238 1257 4304 3881 2920 8970 7991 9698 1820 2848 3979 7029 4674 3218 8092 2634 341
16 4662 8590 1364 551 2793 2228 2195 3373 1745 9806 9095 1737 1220 4175 171 73
23 474 9992 1437 9506 7331 6231 8586 1822 3064 6910 879 6677 6005 2701 4983 784 7327 8176 184 7872 4116 484 6764
35 3076 7343 5503 2554 5206 4996 1148 6889 2570 3844 8053 5181 3680 4718 2912 908 2154 6634 5170 8673 1888 8517 5312 2707 1020 51 3545 391 3863 4504 4435 6544 2546 245 5752
9 6897 8205 4754 6983 1250 4400 6516 2212 2236
22 4922 3991 5245 5846 1040 2005 5134 144 6519 8834 690 1898 8532 0 4089 6419 5512 4145 4589 720 1839 8486
57 9692 7694 6655 5553 9241 167 4788 9825 1131 8609 8454 6205 9057 6763 2877 7549 4986 9185 157 3609 1145 9177 6175 234 7757 4109 4814 2130 7514 9140 9469 834 9596 4453 2910 4035 755 5655 3248 4853 495 4554 579 6081 8275 8521 4620 1328 3688 4790 5665 9557 7683 8515 5864 2819 806
30 159 7702 3747 6528 9846 9614 4330 3965 4198 6923 2773 1274 1989 9503 8922 1841 2883 6799 6569 856 859 2626 2422 581 7697 7854 2587 9510 6065 3227
15 5535 476 2335 2241 1704 915 8120 2305 4219 3295 1644 6681 605 6280 9380
7 6543 1896 8320 7605 662 8572 4692
19 8183 6062 2442 1531 1818 6675 9883 1074 3166 4857 9593 2040 4892 2520 2066 5108 9280 7300 7792
13 9248 9533 1657 3018 565 9436 4306 2722 6711 8309 4833 6989 1158
14 9740 9797 850 8913 8494 5429 886 9812 9575 8505 5701 2020 1935 3124
15 2864 766 4060 5334 6890 6416 5237 3679 5568 2595 9889 6385 6337 2973 2534
38 3704 1330 3937 9891 2876 3746 1499 2755 229 9816 5416 4104 813 1055 2782 679 9183 3439 4454 2541 3711 1602 2843 5821 2552 8466 1837 7037 8617 4774 868 9821 5811 5828 865 6728 2354 8020
7 6557 8541 2274 3785 2009 6690 1218
30 7337 7222 6610 9755 429 2042 2756 1505 7867 779 4152 5102 6822 343 4514 1804 939 7768 2310 2403 2542 4325 4446 8904 1083 4638 2558 5222 7000 8047
8 9662 4236 4701 8125 8400 8356 3385 8950
21 4474 2496 7985 1390 1123 4248 5144 8954 7259 8773 650 4054 440 1216 4868 6695 2131 6307 829 7959 6870
65 8545 8406 8657 552 2069 4503 3333 4327 5632 1756 3462 9669 4607 60 5226 7625 5082 1795 4393 2024 7381 5883 9909 7239 5863 5353 6752 3587 743 2194 2983 5183 8483 4396 7876 5508 9690 70 1557 8857 3982 9218 8691 2262 7333 6199 8496 3485 9566 6894 3768 201 4007 9275 765 1982 2421 9631 1086 3257 2109 5091 4222 3842 1279
40 9887 3548 8284 642 4136 4612 6367 3798 2463 9694 1621 1879 2551 2342 2010 7088 5804 361 1439 9668 733 6226 2108 6802 8210 1763 5614 4541 5816 4261 2319 6939 7314 1252 9239 8443 5204 7908 7899 1635
7 3025 3701 4507 5881 1835 5109 9621
36 1846 5350 6893 3553 76 4689 4873 8455 5830 1650 6388 9639 458 9114 6886 423 9550 4971 6723 821 186 8940 8393 7520 2294 8747 7647 2990 2862 8241 7463 8018 4820 5231 2448 5593
32 9443 9042 8547 6925 7976 2578 3850 2931 8894 4497 1647 2050 7334 9728 4914 4823 5766 394 1056 8883 9002 3894 5191 4365 6448 2125 5731 4538 4129 7272 6202 6787
41 1312 8568 6729 8052 8949 9489 6452 7078 8728 4500 9274 3835 718 7409 452 2052 6648 7009 1069 6098 8838 1112 37 2261 6916 1305 6059 1765 5466 3779 6798 2067 3816 7002 3468 6157 4502 4707 6587 9914 4916
14 8504 6959 9632 6961 2614 1600 2841 1855 1016 3733 5070 1986 4293 4519
57 7539 5952 6395 8264 7960 2797 6793 437 465 1089 4241 21 4460 8808 9704 7267 6999 8350 3846 3127 1948 2900 1952 8446 7663 2903 8149 1553 4862 4598 9707 6624 8780 4839 3961 4623 9262 1240 7143 6083 4451 1201 2490 3761 5641 7646 5271 3969 9834 6070 9541 5656 8676 7311 6066 217 8739
56 8364 9727 1060 4766 7240 3905 9990 3715 7755 9231 8638 871 5631 1450 538 6443 7563 2118 490 6775 7624 2192 8869 7366 776 3999 7226 7819 6144 4445 242 4462 2529 2284 8632 2282 7602 6335 2328 4746 6943 6828 253 4517 6358 7726 3421 467 8928 7371 6498 4963 3555 5273 4977 5738
18 3482 314 4391 9625 2126 949 5714 7086 2058 8924 8754 9407 3079 3858 9936 8001 2322 9808
24 5944 7708 6578 1468 6876 1923 220 738 4942 5901 8933 703 5580 4358 6361 9310 8000 2562 1810 5935 4370 4388 4641 8025
46 6668 9337 6314 7710 9521 3217 5871 1284 6934 3624 728 7274 8357 4755 3469 6926 2545 1005 5016 5686 2360 4608 3459 4961 2498 2211 4688 9285 7518 3406 2572 3311 5729 4237 9615 788 4422 9968 4345 8268 4419 9163 3436 9982 4659 8311
